The system is: Linux - 4.19.84 - x86_64
Compiling the C compiler identification source file "CMakeCCompilerId.c" succeeded.
Compiler: /nix/store/5w1sbkk3kwahwm25dhgnyd4w6kg4znmf-gcc-wrapper-8.3.0/bin/gcc 
Build flags: 
Id flags:  

The output was:
0


Compilation of the C compiler identification source "CMakeCCompilerId.c" produced "a.out"

The C compiler identification is GNU, found in "/home/misha/MyProjects/led-cube/led-cube/CMakeFiles/3.15.1/CompilerIdC/a.out"

Compiling the CXX compiler identification source file "CMakeCXXCompilerId.cpp" succeeded.
Compiler: /nix/store/5w1sbkk3kwahwm25dhgnyd4w6kg4znmf-gcc-wrapper-8.3.0/bin/g++ 
Build flags: 
Id flags:  

The output was:
0


Compilation of the CXX compiler identification source "CMakeCXXCompilerId.cpp" produced "a.out"

The CXX compiler identification is GNU, found in "/home/misha/MyProjects/led-cube/led-cube/CMakeFiles/3.15.1/CompilerIdCXX/a.out"

Determining if the C compiler works passed with the following output:
Change Dir: /home/misha/MyProjects/led-cube/led-cube/CMakeFiles/CMakeTmp

Run Build Command(s):/nix/store/n4xi4wk9bzh4jp3hvrqk2bwy6jm6sah0-gnumake-4.2.1/bin/make cmTC_ed562/fast && make[1]: Entering directory '/home/misha/MyProjects/led-cube/led-cube/CMakeFiles/CMakeTmp'
/nix/store/n4xi4wk9bzh4jp3hvrqk2bwy6jm6sah0-gnumake-4.2.1/bin/make -f CMakeFiles/cmTC_ed562.dir/build.make CMakeFiles/cmTC_ed562.dir/build
make[2]: Entering directory '/home/misha/MyProjects/led-cube/led-cube/CMakeFiles/CMakeTmp'
Building C object CMakeFiles/cmTC_ed562.dir/testCCompiler.c.o
/nix/store/5w1sbkk3kwahwm25dhgnyd4w6kg4znmf-gcc-wrapper-8.3.0/bin/gcc    -o CMakeFiles/cmTC_ed562.dir/testCCompiler.c.o   -c /home/misha/MyProjects/led-cube/led-cube/CMakeFiles/CMakeTmp/testCCompiler.c
Linking C executable cmTC_ed562
/nix/store/nzic1zii59z4rbww8d3nq0a14dyc0xqg-cmake-3.15.1/bin/cmake -E cmake_link_script CMakeFiles/cmTC_ed562.dir/link.txt --verbose=1
/nix/store/5w1sbkk3kwahwm25dhgnyd4w6kg4znmf-gcc-wrapper-8.3.0/bin/gcc      CMakeFiles/cmTC_ed562.dir/testCCompiler.c.o  -o cmTC_ed562 
make[2]: Leaving directory '/home/misha/MyProjects/led-cube/led-cube/CMakeFiles/CMakeTmp'
make[1]: Leaving directory '/home/misha/MyProjects/led-cube/led-cube/CMakeFiles/CMakeTmp'



Detecting C compiler ABI info compiled with the following output:
Change Dir: /home/misha/MyProjects/led-cube/led-cube/CMakeFiles/CMakeTmp

Run Build Command(s):/nix/store/n4xi4wk9bzh4jp3hvrqk2bwy6jm6sah0-gnumake-4.2.1/bin/make cmTC_303ca/fast && make[1]: Entering directory '/home/misha/MyProjects/led-cube/led-cube/CMakeFiles/CMakeTmp'
/nix/store/n4xi4wk9bzh4jp3hvrqk2bwy6jm6sah0-gnumake-4.2.1/bin/make -f CMakeFiles/cmTC_303ca.dir/build.make CMakeFiles/cmTC_303ca.dir/build
make[2]: Entering directory '/home/misha/MyProjects/led-cube/led-cube/CMakeFiles/CMakeTmp'
Building C object CMakeFiles/cmTC_303ca.dir/CMakeCCompilerABI.c.o
/nix/store/5w1sbkk3kwahwm25dhgnyd4w6kg4znmf-gcc-wrapper-8.3.0/bin/gcc   -v -o CMakeFiles/cmTC_303ca.dir/CMakeCCompilerABI.c.o   -c /nix/store/nzic1zii59z4rbww8d3nq0a14dyc0xqg-cmake-3.15.1/share/cmake-3.15/Modules/CMakeCCompilerABI.c
Using built-in specs.
COLLECT_GCC=/nix/store/bzx75p22dpyzc62z9znkrm0xmvy4hxch-gcc-8.3.0/bin/gcc
Target: x86_64-unknown-linux-gnu
Configured with: 
Thread model: posix
gcc version 8.3.0 (GCC) 
COLLECT_GCC_OPTIONS='-O2' '-D' '_FORTIFY_SOURCE=2' '-fstack-protector-strong' '--param' 'ssp-buffer-size=4' '-fno-strict-overflow' '-Wformat=1' '-Wformat-security' '-Werror=format-security' '-fPIC' '-v' '-o' 'CMakeFiles/cmTC_303ca.dir/CMakeCCompilerABI.c.o' '-c' '-B' '/nix/store/4l35nqpaiwzhfafrpby1xf7kfik7ai7c-gcc-8.3.0-lib/lib' '-B' '/nix/store/pnd2kl27sag76h23wa5kl95a76n3k9i3-glibc-2.27/lib/' '-idirafter' '/nix/store/7sz2vlx5bz5sjqw75y0308yra1vr9dmx-glibc-2.27-dev/include' '-idirafter' '/nix/store/bzx75p22dpyzc62z9znkrm0xmvy4hxch-gcc-8.3.0/lib/gcc/x86_64-unknown-linux-gnu/8.3.0/include-fixed' '-B' '/nix/store/5w1sbkk3kwahwm25dhgnyd4w6kg4znmf-gcc-wrapper-8.3.0/bin/' '-mtune=generic' '-march=x86-64'
 /nix/store/bzx75p22dpyzc62z9znkrm0xmvy4hxch-gcc-8.3.0/libexec/gcc/x86_64-unknown-linux-gnu/8.3.0/cc1 -quiet -v -D _FORTIFY_SOURCE=2 -idirafter /nix/store/7sz2vlx5bz5sjqw75y0308yra1vr9dmx-glibc-2.27-dev/include -idirafter /nix/store/bzx75p22dpyzc62z9znkrm0xmvy4hxch-gcc-8.3.0/lib/gcc/x86_64-unknown-linux-gnu/8.3.0/include-fixed /nix/store/nzic1zii59z4rbww8d3nq0a14dyc0xqg-cmake-3.15.1/share/cmake-3.15/Modules/CMakeCCompilerABI.c -quiet -dumpbase CMakeCCompilerABI.c -mtune=generic -march=x86-64 -auxbase-strip CMakeFiles/cmTC_303ca.dir/CMakeCCompilerABI.c.o -O2 -Wformat=1 -Wformat-security -Werror=format-security -version -fstack-protector-strong -fno-strict-overflow -fPIC --param ssp-buffer-size=4 -o /run/user/1000/cczaTNIe.s
GNU C17 (GCC) version 8.3.0 (x86_64-unknown-linux-gnu)
	compiled by GNU C version 8.3.0, GMP version 6.1.2, MPFR version 4.0.2, MPC version 1.1.0, isl version isl-0.17.1-GMP

GGC heuristics: --param ggc-min-expand=100 --param ggc-min-heapsize=131072
ignoring nonexistent directory "/nix/store/bzx75p22dpyzc62z9znkrm0xmvy4hxch-gcc-8.3.0/lib/gcc/x86_64-unknown-linux-gnu/8.3.0/../../../../x86_64-unknown-linux-gnu/include"
ignoring duplicate directory "/nix/store/7sz2vlx5bz5sjqw75y0308yra1vr9dmx-glibc-2.27-dev/include"
ignoring duplicate directory "/nix/store/bzx75p22dpyzc62z9znkrm0xmvy4hxch-gcc-8.3.0/lib/gcc/x86_64-unknown-linux-gnu/8.3.0/include-fixed"
#include "..." search starts here:
#include <...> search starts here:
 /nix/store/bzx75p22dpyzc62z9znkrm0xmvy4hxch-gcc-8.3.0/lib/gcc/x86_64-unknown-linux-gnu/8.3.0/include
 /nix/store/bzx75p22dpyzc62z9znkrm0xmvy4hxch-gcc-8.3.0/include
 /nix/store/bzx75p22dpyzc62z9znkrm0xmvy4hxch-gcc-8.3.0/lib/gcc/x86_64-unknown-linux-gnu/8.3.0/include-fixed
 /nix/store/7sz2vlx5bz5sjqw75y0308yra1vr9dmx-glibc-2.27-dev/include
End of search list.
GNU C17 (GCC) version 8.3.0 (x86_64-unknown-linux-gnu)
	compiled by GNU C version 8.3.0, GMP version 6.1.2, MPFR version 4.0.2, MPC version 1.1.0, isl version isl-0.17.1-GMP

GGC heuristics: --param ggc-min-expand=100 --param ggc-min-heapsize=131072
Compiler executable checksum: c8a2a75a14ac9a30962af6d5eb2ead4d
COLLECT_GCC_OPTIONS='-O2' '-D' '_FORTIFY_SOURCE=2' '-fstack-protector-strong' '--param' 'ssp-buffer-size=4' '-fno-strict-overflow' '-Wformat=1' '-Wformat-security' '-Werror=format-security' '-fPIC' '-v' '-o' 'CMakeFiles/cmTC_303ca.dir/CMakeCCompilerABI.c.o' '-c' '-B' '/nix/store/4l35nqpaiwzhfafrpby1xf7kfik7ai7c-gcc-8.3.0-lib/lib' '-B' '/nix/store/pnd2kl27sag76h23wa5kl95a76n3k9i3-glibc-2.27/lib/' '-idirafter' '/nix/store/7sz2vlx5bz5sjqw75y0308yra1vr9dmx-glibc-2.27-dev/include' '-idirafter' '/nix/store/bzx75p22dpyzc62z9znkrm0xmvy4hxch-gcc-8.3.0/lib/gcc/x86_64-unknown-linux-gnu/8.3.0/include-fixed' '-B' '/nix/store/5w1sbkk3kwahwm25dhgnyd4w6kg4znmf-gcc-wrapper-8.3.0/bin/' '-mtune=generic' '-march=x86-64'
 /nix/store/5w1sbkk3kwahwm25dhgnyd4w6kg4znmf-gcc-wrapper-8.3.0/bin/as -v --64 -o CMakeFiles/cmTC_303ca.dir/CMakeCCompilerABI.c.o /run/user/1000/cczaTNIe.s
GNU assembler version 2.31.1 (x86_64-unknown-linux-gnu) using BFD version (GNU Binutils) 2.31.1
COMPILER_PATH=/nix/store/4l35nqpaiwzhfafrpby1xf7kfik7ai7c-gcc-8.3.0-lib/lib/:/nix/store/pnd2kl27sag76h23wa5kl95a76n3k9i3-glibc-2.27/lib/:/nix/store/5w1sbkk3kwahwm25dhgnyd4w6kg4znmf-gcc-wrapper-8.3.0/bin/:/nix/store/bzx75p22dpyzc62z9znkrm0xmvy4hxch-gcc-8.3.0/libexec/gcc/x86_64-unknown-linux-gnu/8.3.0/:/nix/store/bzx75p22dpyzc62z9znkrm0xmvy4hxch-gcc-8.3.0/libexec/gcc/x86_64-unknown-linux-gnu/8.3.0/:/nix/store/bzx75p22dpyzc62z9znkrm0xmvy4hxch-gcc-8.3.0/libexec/gcc/x86_64-unknown-linux-gnu/:/nix/store/bzx75p22dpyzc62z9znkrm0xmvy4hxch-gcc-8.3.0/lib/gcc/x86_64-unknown-linux-gnu/8.3.0/:/nix/store/bzx75p22dpyzc62z9znkrm0xmvy4hxch-gcc-8.3.0/lib/gcc/x86_64-unknown-linux-gnu/
LIBRARY_PATH=/nix/store/4l35nqpaiwzhfafrpby1xf7kfik7ai7c-gcc-8.3.0-lib/lib/:/nix/store/pnd2kl27sag76h23wa5kl95a76n3k9i3-glibc-2.27/lib/:/nix/store/5w1sbkk3kwahwm25dhgnyd4w6kg4znmf-gcc-wrapper-8.3.0/bin/:/nix/store/bzx75p22dpyzc62z9znkrm0xmvy4hxch-gcc-8.3.0/lib/gcc/x86_64-unknown-linux-gnu/8.3.0/:/nix/store/bzx75p22dpyzc62z9znkrm0xmvy4hxch-gcc-8.3.0/lib/gcc/x86_64-unknown-linux-gnu/8.3.0/../../../../lib64/:/nix/store/bzx75p22dpyzc62z9znkrm0xmvy4hxch-gcc-8.3.0/lib/gcc/x86_64-unknown-linux-gnu/8.3.0/../../../
COLLECT_GCC_OPTIONS='-O2' '-D' '_FORTIFY_SOURCE=2' '-fstack-protector-strong' '--param' 'ssp-buffer-size=4' '-fno-strict-overflow' '-Wformat=1' '-Wformat-security' '-Werror=format-security' '-fPIC' '-v' '-o' 'CMakeFiles/cmTC_303ca.dir/CMakeCCompilerABI.c.o' '-c' '-B' '/nix/store/4l35nqpaiwzhfafrpby1xf7kfik7ai7c-gcc-8.3.0-lib/lib' '-B' '/nix/store/pnd2kl27sag76h23wa5kl95a76n3k9i3-glibc-2.27/lib/' '-idirafter' '/nix/store/7sz2vlx5bz5sjqw75y0308yra1vr9dmx-glibc-2.27-dev/include' '-idirafter' '/nix/store/bzx75p22dpyzc62z9znkrm0xmvy4hxch-gcc-8.3.0/lib/gcc/x86_64-unknown-linux-gnu/8.3.0/include-fixed' '-B' '/nix/store/5w1sbkk3kwahwm25dhgnyd4w6kg4znmf-gcc-wrapper-8.3.0/bin/' '-mtune=generic' '-march=x86-64'
Linking C executable cmTC_303ca
/nix/store/nzic1zii59z4rbww8d3nq0a14dyc0xqg-cmake-3.15.1/bin/cmake -E cmake_link_script CMakeFiles/cmTC_303ca.dir/link.txt --verbose=1
/nix/store/5w1sbkk3kwahwm25dhgnyd4w6kg4znmf-gcc-wrapper-8.3.0/bin/gcc     -v CMakeFiles/cmTC_303ca.dir/CMakeCCompilerABI.c.o  -o cmTC_303ca 
Using built-in specs.
COLLECT_GCC=/nix/store/bzx75p22dpyzc62z9znkrm0xmvy4hxch-gcc-8.3.0/bin/gcc
COLLECT_LTO_WRAPPER=/nix/store/bzx75p22dpyzc62z9znkrm0xmvy4hxch-gcc-8.3.0/libexec/gcc/x86_64-unknown-linux-gnu/8.3.0/lto-wrapper
Target: x86_64-unknown-linux-gnu
Configured with: 
Thread model: posix
gcc version 8.3.0 (GCC) 
COMPILER_PATH=/nix/store/4l35nqpaiwzhfafrpby1xf7kfik7ai7c-gcc-8.3.0-lib/lib/:/nix/store/pnd2kl27sag76h23wa5kl95a76n3k9i3-glibc-2.27/lib/:/nix/store/5w1sbkk3kwahwm25dhgnyd4w6kg4znmf-gcc-wrapper-8.3.0/bin/:/nix/store/bzx75p22dpyzc62z9znkrm0xmvy4hxch-gcc-8.3.0/libexec/gcc/x86_64-unknown-linux-gnu/8.3.0/:/nix/store/bzx75p22dpyzc62z9znkrm0xmvy4hxch-gcc-8.3.0/libexec/gcc/x86_64-unknown-linux-gnu/8.3.0/:/nix/store/bzx75p22dpyzc62z9znkrm0xmvy4hxch-gcc-8.3.0/libexec/gcc/x86_64-unknown-linux-gnu/:/nix/store/bzx75p22dpyzc62z9znkrm0xmvy4hxch-gcc-8.3.0/lib/gcc/x86_64-unknown-linux-gnu/8.3.0/:/nix/store/bzx75p22dpyzc62z9znkrm0xmvy4hxch-gcc-8.3.0/lib/gcc/x86_64-unknown-linux-gnu/
LIBRARY_PATH=/nix/store/4l35nqpaiwzhfafrpby1xf7kfik7ai7c-gcc-8.3.0-lib/lib/:/nix/store/pnd2kl27sag76h23wa5kl95a76n3k9i3-glibc-2.27/lib/:/nix/store/5w1sbkk3kwahwm25dhgnyd4w6kg4znmf-gcc-wrapper-8.3.0/bin/:/nix/store/bzx75p22dpyzc62z9znkrm0xmvy4hxch-gcc-8.3.0/lib/gcc/x86_64-unknown-linux-gnu/8.3.0/:/nix/store/bzx75p22dpyzc62z9znkrm0xmvy4hxch-gcc-8.3.0/lib/gcc/x86_64-unknown-linux-gnu/8.3.0/../../../../lib64/:/nix/store/bzx75p22dpyzc62z9znkrm0xmvy4hxch-gcc-8.3.0/lib/gcc/x86_64-unknown-linux-gnu/8.3.0/../../../
COLLECT_GCC_OPTIONS='-O2' '-D' '_FORTIFY_SOURCE=2' '-fstack-protector-strong' '--param' 'ssp-buffer-size=4' '-fno-strict-overflow' '-Wformat=1' '-Wformat-security' '-Werror=format-security' '-fPIC' '-v' '-o' 'cmTC_303ca' '-B' '/nix/store/4l35nqpaiwzhfafrpby1xf7kfik7ai7c-gcc-8.3.0-lib/lib' '-B' '/nix/store/pnd2kl27sag76h23wa5kl95a76n3k9i3-glibc-2.27/lib/' '-idirafter' '/nix/store/7sz2vlx5bz5sjqw75y0308yra1vr9dmx-glibc-2.27-dev/include' '-idirafter' '/nix/store/bzx75p22dpyzc62z9znkrm0xmvy4hxch-gcc-8.3.0/lib/gcc/x86_64-unknown-linux-gnu/8.3.0/include-fixed' '-B' '/nix/store/5w1sbkk3kwahwm25dhgnyd4w6kg4znmf-gcc-wrapper-8.3.0/bin/' '-L/nix/store/pnd2kl27sag76h23wa5kl95a76n3k9i3-glibc-2.27/lib' '-L/nix/store/4l35nqpaiwzhfafrpby1xf7kfik7ai7c-gcc-8.3.0-lib/lib' '-mtune=generic' '-march=x86-64'
 /nix/store/bzx75p22dpyzc62z9znkrm0xmvy4hxch-gcc-8.3.0/libexec/gcc/x86_64-unknown-linux-gnu/8.3.0/collect2 -plugin /nix/store/bzx75p22dpyzc62z9znkrm0xmvy4hxch-gcc-8.3.0/libexec/gcc/x86_64-unknown-linux-gnu/8.3.0/liblto_plugin.so -plugin-opt=/nix/store/bzx75p22dpyzc62z9znkrm0xmvy4hxch-gcc-8.3.0/libexec/gcc/x86_64-unknown-linux-gnu/8.3.0/lto-wrapper -plugin-opt=-fresolution=/run/user/1000/cc9EVsV7.res -plugin-opt=-pass-through=-lgcc -plugin-opt=-pass-through=-lgcc_s -plugin-opt=-pass-through=-lc -plugin-opt=-pass-through=-lgcc -plugin-opt=-pass-through=-lgcc_s --eh-frame-hdr -m elf_x86_64 -dynamic-linker /nix/store/pnd2kl27sag76h23wa5kl95a76n3k9i3-glibc-2.27/lib64/ld-linux-x86-64.so.2 -o cmTC_303ca /nix/store/pnd2kl27sag76h23wa5kl95a76n3k9i3-glibc-2.27/lib/crt1.o /nix/store/pnd2kl27sag76h23wa5kl95a76n3k9i3-glibc-2.27/lib/crti.o /nix/store/bzx75p22dpyzc62z9znkrm0xmvy4hxch-gcc-8.3.0/lib/gcc/x86_64-unknown-linux-gnu/8.3.0/crtbegin.o -L/nix/store/pnd2kl27sag76h23wa5kl95a76n3k9i3-glibc-2.27/lib -L/nix/store/4l35nqpaiwzhfafrpby1xf7kfik7ai7c-gcc-8.3.0-lib/lib -L/nix/store/4l35nqpaiwzhfafrpby1xf7kfik7ai7c-gcc-8.3.0-lib/lib -L/nix/store/pnd2kl27sag76h23wa5kl95a76n3k9i3-glibc-2.27/lib -L/nix/store/5w1sbkk3kwahwm25dhgnyd4w6kg4znmf-gcc-wrapper-8.3.0/bin -L/nix/store/bzx75p22dpyzc62z9znkrm0xmvy4hxch-gcc-8.3.0/lib/gcc/x86_64-unknown-linux-gnu/8.3.0 -L/nix/store/bzx75p22dpyzc62z9znkrm0xmvy4hxch-gcc-8.3.0/lib/gcc/x86_64-unknown-linux-gnu/8.3.0/../../../../lib64 -L/nix/store/bzx75p22dpyzc62z9znkrm0xmvy4hxch-gcc-8.3.0/lib/gcc/x86_64-unknown-linux-gnu/8.3.0/../../.. -dynamic-linker /nix/store/pnd2kl27sag76h23wa5kl95a76n3k9i3-glibc-2.27/lib/ld-linux-x86-64.so.2 CMakeFiles/cmTC_303ca.dir/CMakeCCompilerABI.c.o -rpath /nix/store/7cf0s4zgcc9iyncnxqgy45340bww3mmr-rust-env/lib64 -rpath /nix/store/7cf0s4zgcc9iyncnxqgy45340bww3mmr-rust-env/lib -lgcc --as-needed -lgcc_s --no-as-needed -lc -lgcc --as-needed -lgcc_s --no-as-needed /nix/store/bzx75p22dpyzc62z9znkrm0xmvy4hxch-gcc-8.3.0/lib/gcc/x86_64-unknown-linux-gnu/8.3.0/crtend.o /nix/store/pnd2kl27sag76h23wa5kl95a76n3k9i3-glibc-2.27/lib/crtn.o
COLLECT_GCC_OPTIONS='-O2' '-D' '_FORTIFY_SOURCE=2' '-fstack-protector-strong' '--param' 'ssp-buffer-size=4' '-fno-strict-overflow' '-Wformat=1' '-Wformat-security' '-Werror=format-security' '-fPIC' '-v' '-o' 'cmTC_303ca' '-B' '/nix/store/4l35nqpaiwzhfafrpby1xf7kfik7ai7c-gcc-8.3.0-lib/lib' '-B' '/nix/store/pnd2kl27sag76h23wa5kl95a76n3k9i3-glibc-2.27/lib/' '-idirafter' '/nix/store/7sz2vlx5bz5sjqw75y0308yra1vr9dmx-glibc-2.27-dev/include' '-idirafter' '/nix/store/bzx75p22dpyzc62z9znkrm0xmvy4hxch-gcc-8.3.0/lib/gcc/x86_64-unknown-linux-gnu/8.3.0/include-fixed' '-B' '/nix/store/5w1sbkk3kwahwm25dhgnyd4w6kg4znmf-gcc-wrapper-8.3.0/bin/' '-L/nix/store/pnd2kl27sag76h23wa5kl95a76n3k9i3-glibc-2.27/lib' '-L/nix/store/4l35nqpaiwzhfafrpby1xf7kfik7ai7c-gcc-8.3.0-lib/lib' '-mtune=generic' '-march=x86-64'
make[2]: Leaving directory '/home/misha/MyProjects/led-cube/led-cube/CMakeFiles/CMakeTmp'
make[1]: Leaving directory '/home/misha/MyProjects/led-cube/led-cube/CMakeFiles/CMakeTmp'



Parsed C implicit include dir info from above output: rv=done
  found start of include info
  found start of implicit include info
    add: [/nix/store/bzx75p22dpyzc62z9znkrm0xmvy4hxch-gcc-8.3.0/lib/gcc/x86_64-unknown-linux-gnu/8.3.0/include]
    add: [/nix/store/bzx75p22dpyzc62z9znkrm0xmvy4hxch-gcc-8.3.0/include]
    add: [/nix/store/bzx75p22dpyzc62z9znkrm0xmvy4hxch-gcc-8.3.0/lib/gcc/x86_64-unknown-linux-gnu/8.3.0/include-fixed]
    add: [/nix/store/7sz2vlx5bz5sjqw75y0308yra1vr9dmx-glibc-2.27-dev/include]
  end of search list found
  collapse include dir [/nix/store/bzx75p22dpyzc62z9znkrm0xmvy4hxch-gcc-8.3.0/lib/gcc/x86_64-unknown-linux-gnu/8.3.0/include] ==> [/nix/store/bzx75p22dpyzc62z9znkrm0xmvy4hxch-gcc-8.3.0/lib/gcc/x86_64-unknown-linux-gnu/8.3.0/include]
  collapse include dir [/nix/store/bzx75p22dpyzc62z9znkrm0xmvy4hxch-gcc-8.3.0/include] ==> [/nix/store/bzx75p22dpyzc62z9znkrm0xmvy4hxch-gcc-8.3.0/include]
  collapse include dir [/nix/store/bzx75p22dpyzc62z9znkrm0xmvy4hxch-gcc-8.3.0/lib/gcc/x86_64-unknown-linux-gnu/8.3.0/include-fixed] ==> [/nix/store/bzx75p22dpyzc62z9znkrm0xmvy4hxch-gcc-8.3.0/lib/gcc/x86_64-unknown-linux-gnu/8.3.0/include-fixed]
  collapse include dir [/nix/store/7sz2vlx5bz5sjqw75y0308yra1vr9dmx-glibc-2.27-dev/include] ==> [/nix/store/7sz2vlx5bz5sjqw75y0308yra1vr9dmx-glibc-2.27-dev/include]
  implicit include dirs: [/nix/store/bzx75p22dpyzc62z9znkrm0xmvy4hxch-gcc-8.3.0/lib/gcc/x86_64-unknown-linux-gnu/8.3.0/include;/nix/store/bzx75p22dpyzc62z9znkrm0xmvy4hxch-gcc-8.3.0/include;/nix/store/bzx75p22dpyzc62z9znkrm0xmvy4hxch-gcc-8.3.0/lib/gcc/x86_64-unknown-linux-gnu/8.3.0/include-fixed;/nix/store/7sz2vlx5bz5sjqw75y0308yra1vr9dmx-glibc-2.27-dev/include]


Parsed C implicit link information from above output:
  link line regex: [^( *|.*[/\])(ld|CMAKE_LINK_STARTFILE-NOTFOUND|([^/\]+-)?ld|collect2)[^/\]*( |$)]
  ignore line: [Change Dir: /home/misha/MyProjects/led-cube/led-cube/CMakeFiles/CMakeTmp]
  ignore line: []
  ignore line: [Run Build Command(s):/nix/store/n4xi4wk9bzh4jp3hvrqk2bwy6jm6sah0-gnumake-4.2.1/bin/make cmTC_303ca/fast && make[1]: Entering directory '/home/misha/MyProjects/led-cube/led-cube/CMakeFiles/CMakeTmp']
  ignore line: [/nix/store/n4xi4wk9bzh4jp3hvrqk2bwy6jm6sah0-gnumake-4.2.1/bin/make -f CMakeFiles/cmTC_303ca.dir/build.make CMakeFiles/cmTC_303ca.dir/build]
  ignore line: [make[2]: Entering directory '/home/misha/MyProjects/led-cube/led-cube/CMakeFiles/CMakeTmp']
  ignore line: [Building C object CMakeFiles/cmTC_303ca.dir/CMakeCCompilerABI.c.o]
  ignore line: [/nix/store/5w1sbkk3kwahwm25dhgnyd4w6kg4znmf-gcc-wrapper-8.3.0/bin/gcc   -v -o CMakeFiles/cmTC_303ca.dir/CMakeCCompilerABI.c.o   -c /nix/store/nzic1zii59z4rbww8d3nq0a14dyc0xqg-cmake-3.15.1/share/cmake-3.15/Modules/CMakeCCompilerABI.c]
  ignore line: [Using built-in specs.]
  ignore line: [COLLECT_GCC=/nix/store/bzx75p22dpyzc62z9znkrm0xmvy4hxch-gcc-8.3.0/bin/gcc]
  ignore line: [Target: x86_64-unknown-linux-gnu]
  ignore line: [Configured with: ]
  ignore line: [Thread model: posix]
  ignore line: [gcc version 8.3.0 (GCC) ]
  ignore line: [COLLECT_GCC_OPTIONS='-O2' '-D' '_FORTIFY_SOURCE=2' '-fstack-protector-strong' '--param' 'ssp-buffer-size=4' '-fno-strict-overflow' '-Wformat=1' '-Wformat-security' '-Werror=format-security' '-fPIC' '-v' '-o' 'CMakeFiles/cmTC_303ca.dir/CMakeCCompilerABI.c.o' '-c' '-B' '/nix/store/4l35nqpaiwzhfafrpby1xf7kfik7ai7c-gcc-8.3.0-lib/lib' '-B' '/nix/store/pnd2kl27sag76h23wa5kl95a76n3k9i3-glibc-2.27/lib/' '-idirafter' '/nix/store/7sz2vlx5bz5sjqw75y0308yra1vr9dmx-glibc-2.27-dev/include' '-idirafter' '/nix/store/bzx75p22dpyzc62z9znkrm0xmvy4hxch-gcc-8.3.0/lib/gcc/x86_64-unknown-linux-gnu/8.3.0/include-fixed' '-B' '/nix/store/5w1sbkk3kwahwm25dhgnyd4w6kg4znmf-gcc-wrapper-8.3.0/bin/' '-mtune=generic' '-march=x86-64']
  ignore line: [ /nix/store/bzx75p22dpyzc62z9znkrm0xmvy4hxch-gcc-8.3.0/libexec/gcc/x86_64-unknown-linux-gnu/8.3.0/cc1 -quiet -v -D _FORTIFY_SOURCE=2 -idirafter /nix/store/7sz2vlx5bz5sjqw75y0308yra1vr9dmx-glibc-2.27-dev/include -idirafter /nix/store/bzx75p22dpyzc62z9znkrm0xmvy4hxch-gcc-8.3.0/lib/gcc/x86_64-unknown-linux-gnu/8.3.0/include-fixed /nix/store/nzic1zii59z4rbww8d3nq0a14dyc0xqg-cmake-3.15.1/share/cmake-3.15/Modules/CMakeCCompilerABI.c -quiet -dumpbase CMakeCCompilerABI.c -mtune=generic -march=x86-64 -auxbase-strip CMakeFiles/cmTC_303ca.dir/CMakeCCompilerABI.c.o -O2 -Wformat=1 -Wformat-security -Werror=format-security -version -fstack-protector-strong -fno-strict-overflow -fPIC --param ssp-buffer-size=4 -o /run/user/1000/cczaTNIe.s]
  ignore line: [GNU C17 (GCC) version 8.3.0 (x86_64-unknown-linux-gnu)]
  ignore line: [	compiled by GNU C version 8.3.0, GMP version 6.1.2, MPFR version 4.0.2, MPC version 1.1.0, isl version isl-0.17.1-GMP]
  ignore line: []
  ignore line: [GGC heuristics: --param ggc-min-expand=100 --param ggc-min-heapsize=131072]
  ignore line: [ignoring nonexistent directory "/nix/store/bzx75p22dpyzc62z9znkrm0xmvy4hxch-gcc-8.3.0/lib/gcc/x86_64-unknown-linux-gnu/8.3.0/../../../../x86_64-unknown-linux-gnu/include"]
  ignore line: [ignoring duplicate directory "/nix/store/7sz2vlx5bz5sjqw75y0308yra1vr9dmx-glibc-2.27-dev/include"]
  ignore line: [ignoring duplicate directory "/nix/store/bzx75p22dpyzc62z9znkrm0xmvy4hxch-gcc-8.3.0/lib/gcc/x86_64-unknown-linux-gnu/8.3.0/include-fixed"]
  ignore line: [#include "..." search starts here:]
  ignore line: [#include <...> search starts here:]
  ignore line: [ /nix/store/bzx75p22dpyzc62z9znkrm0xmvy4hxch-gcc-8.3.0/lib/gcc/x86_64-unknown-linux-gnu/8.3.0/include]
  ignore line: [ /nix/store/bzx75p22dpyzc62z9znkrm0xmvy4hxch-gcc-8.3.0/include]
  ignore line: [ /nix/store/bzx75p22dpyzc62z9znkrm0xmvy4hxch-gcc-8.3.0/lib/gcc/x86_64-unknown-linux-gnu/8.3.0/include-fixed]
  ignore line: [ /nix/store/7sz2vlx5bz5sjqw75y0308yra1vr9dmx-glibc-2.27-dev/include]
  ignore line: [End of search list.]
  ignore line: [GNU C17 (GCC) version 8.3.0 (x86_64-unknown-linux-gnu)]
  ignore line: [	compiled by GNU C version 8.3.0, GMP version 6.1.2, MPFR version 4.0.2, MPC version 1.1.0, isl version isl-0.17.1-GMP]
  ignore line: []
  ignore line: [GGC heuristics: --param ggc-min-expand=100 --param ggc-min-heapsize=131072]
  ignore line: [Compiler executable checksum: c8a2a75a14ac9a30962af6d5eb2ead4d]
  ignore line: [COLLECT_GCC_OPTIONS='-O2' '-D' '_FORTIFY_SOURCE=2' '-fstack-protector-strong' '--param' 'ssp-buffer-size=4' '-fno-strict-overflow' '-Wformat=1' '-Wformat-security' '-Werror=format-security' '-fPIC' '-v' '-o' 'CMakeFiles/cmTC_303ca.dir/CMakeCCompilerABI.c.o' '-c' '-B' '/nix/store/4l35nqpaiwzhfafrpby1xf7kfik7ai7c-gcc-8.3.0-lib/lib' '-B' '/nix/store/pnd2kl27sag76h23wa5kl95a76n3k9i3-glibc-2.27/lib/' '-idirafter' '/nix/store/7sz2vlx5bz5sjqw75y0308yra1vr9dmx-glibc-2.27-dev/include' '-idirafter' '/nix/store/bzx75p22dpyzc62z9znkrm0xmvy4hxch-gcc-8.3.0/lib/gcc/x86_64-unknown-linux-gnu/8.3.0/include-fixed' '-B' '/nix/store/5w1sbkk3kwahwm25dhgnyd4w6kg4znmf-gcc-wrapper-8.3.0/bin/' '-mtune=generic' '-march=x86-64']
  ignore line: [ /nix/store/5w1sbkk3kwahwm25dhgnyd4w6kg4znmf-gcc-wrapper-8.3.0/bin/as -v --64 -o CMakeFiles/cmTC_303ca.dir/CMakeCCompilerABI.c.o /run/user/1000/cczaTNIe.s]
  ignore line: [GNU assembler version 2.31.1 (x86_64-unknown-linux-gnu) using BFD version (GNU Binutils) 2.31.1]
  ignore line: [COMPILER_PATH=/nix/store/4l35nqpaiwzhfafrpby1xf7kfik7ai7c-gcc-8.3.0-lib/lib/:/nix/store/pnd2kl27sag76h23wa5kl95a76n3k9i3-glibc-2.27/lib/:/nix/store/5w1sbkk3kwahwm25dhgnyd4w6kg4znmf-gcc-wrapper-8.3.0/bin/:/nix/store/bzx75p22dpyzc62z9znkrm0xmvy4hxch-gcc-8.3.0/libexec/gcc/x86_64-unknown-linux-gnu/8.3.0/:/nix/store/bzx75p22dpyzc62z9znkrm0xmvy4hxch-gcc-8.3.0/libexec/gcc/x86_64-unknown-linux-gnu/8.3.0/:/nix/store/bzx75p22dpyzc62z9znkrm0xmvy4hxch-gcc-8.3.0/libexec/gcc/x86_64-unknown-linux-gnu/:/nix/store/bzx75p22dpyzc62z9znkrm0xmvy4hxch-gcc-8.3.0/lib/gcc/x86_64-unknown-linux-gnu/8.3.0/:/nix/store/bzx75p22dpyzc62z9znkrm0xmvy4hxch-gcc-8.3.0/lib/gcc/x86_64-unknown-linux-gnu/]
  ignore line: [LIBRARY_PATH=/nix/store/4l35nqpaiwzhfafrpby1xf7kfik7ai7c-gcc-8.3.0-lib/lib/:/nix/store/pnd2kl27sag76h23wa5kl95a76n3k9i3-glibc-2.27/lib/:/nix/store/5w1sbkk3kwahwm25dhgnyd4w6kg4znmf-gcc-wrapper-8.3.0/bin/:/nix/store/bzx75p22dpyzc62z9znkrm0xmvy4hxch-gcc-8.3.0/lib/gcc/x86_64-unknown-linux-gnu/8.3.0/:/nix/store/bzx75p22dpyzc62z9znkrm0xmvy4hxch-gcc-8.3.0/lib/gcc/x86_64-unknown-linux-gnu/8.3.0/../../../../lib64/:/nix/store/bzx75p22dpyzc62z9znkrm0xmvy4hxch-gcc-8.3.0/lib/gcc/x86_64-unknown-linux-gnu/8.3.0/../../../]
  ignore line: [COLLECT_GCC_OPTIONS='-O2' '-D' '_FORTIFY_SOURCE=2' '-fstack-protector-strong' '--param' 'ssp-buffer-size=4' '-fno-strict-overflow' '-Wformat=1' '-Wformat-security' '-Werror=format-security' '-fPIC' '-v' '-o' 'CMakeFiles/cmTC_303ca.dir/CMakeCCompilerABI.c.o' '-c' '-B' '/nix/store/4l35nqpaiwzhfafrpby1xf7kfik7ai7c-gcc-8.3.0-lib/lib' '-B' '/nix/store/pnd2kl27sag76h23wa5kl95a76n3k9i3-glibc-2.27/lib/' '-idirafter' '/nix/store/7sz2vlx5bz5sjqw75y0308yra1vr9dmx-glibc-2.27-dev/include' '-idirafter' '/nix/store/bzx75p22dpyzc62z9znkrm0xmvy4hxch-gcc-8.3.0/lib/gcc/x86_64-unknown-linux-gnu/8.3.0/include-fixed' '-B' '/nix/store/5w1sbkk3kwahwm25dhgnyd4w6kg4znmf-gcc-wrapper-8.3.0/bin/' '-mtune=generic' '-march=x86-64']
  ignore line: [Linking C executable cmTC_303ca]
  ignore line: [/nix/store/nzic1zii59z4rbww8d3nq0a14dyc0xqg-cmake-3.15.1/bin/cmake -E cmake_link_script CMakeFiles/cmTC_303ca.dir/link.txt --verbose=1]
  ignore line: [/nix/store/5w1sbkk3kwahwm25dhgnyd4w6kg4znmf-gcc-wrapper-8.3.0/bin/gcc     -v CMakeFiles/cmTC_303ca.dir/CMakeCCompilerABI.c.o  -o cmTC_303ca ]
  ignore line: [Using built-in specs.]
  ignore line: [COLLECT_GCC=/nix/store/bzx75p22dpyzc62z9znkrm0xmvy4hxch-gcc-8.3.0/bin/gcc]
  ignore line: [COLLECT_LTO_WRAPPER=/nix/store/bzx75p22dpyzc62z9znkrm0xmvy4hxch-gcc-8.3.0/libexec/gcc/x86_64-unknown-linux-gnu/8.3.0/lto-wrapper]
  ignore line: [Target: x86_64-unknown-linux-gnu]
  ignore line: [Configured with: ]
  ignore line: [Thread model: posix]
  ignore line: [gcc version 8.3.0 (GCC) ]
  ignore line: [COMPILER_PATH=/nix/store/4l35nqpaiwzhfafrpby1xf7kfik7ai7c-gcc-8.3.0-lib/lib/:/nix/store/pnd2kl27sag76h23wa5kl95a76n3k9i3-glibc-2.27/lib/:/nix/store/5w1sbkk3kwahwm25dhgnyd4w6kg4znmf-gcc-wrapper-8.3.0/bin/:/nix/store/bzx75p22dpyzc62z9znkrm0xmvy4hxch-gcc-8.3.0/libexec/gcc/x86_64-unknown-linux-gnu/8.3.0/:/nix/store/bzx75p22dpyzc62z9znkrm0xmvy4hxch-gcc-8.3.0/libexec/gcc/x86_64-unknown-linux-gnu/8.3.0/:/nix/store/bzx75p22dpyzc62z9znkrm0xmvy4hxch-gcc-8.3.0/libexec/gcc/x86_64-unknown-linux-gnu/:/nix/store/bzx75p22dpyzc62z9znkrm0xmvy4hxch-gcc-8.3.0/lib/gcc/x86_64-unknown-linux-gnu/8.3.0/:/nix/store/bzx75p22dpyzc62z9znkrm0xmvy4hxch-gcc-8.3.0/lib/gcc/x86_64-unknown-linux-gnu/]
  ignore line: [LIBRARY_PATH=/nix/store/4l35nqpaiwzhfafrpby1xf7kfik7ai7c-gcc-8.3.0-lib/lib/:/nix/store/pnd2kl27sag76h23wa5kl95a76n3k9i3-glibc-2.27/lib/:/nix/store/5w1sbkk3kwahwm25dhgnyd4w6kg4znmf-gcc-wrapper-8.3.0/bin/:/nix/store/bzx75p22dpyzc62z9znkrm0xmvy4hxch-gcc-8.3.0/lib/gcc/x86_64-unknown-linux-gnu/8.3.0/:/nix/store/bzx75p22dpyzc62z9znkrm0xmvy4hxch-gcc-8.3.0/lib/gcc/x86_64-unknown-linux-gnu/8.3.0/../../../../lib64/:/nix/store/bzx75p22dpyzc62z9znkrm0xmvy4hxch-gcc-8.3.0/lib/gcc/x86_64-unknown-linux-gnu/8.3.0/../../../]
  ignore line: [COLLECT_GCC_OPTIONS='-O2' '-D' '_FORTIFY_SOURCE=2' '-fstack-protector-strong' '--param' 'ssp-buffer-size=4' '-fno-strict-overflow' '-Wformat=1' '-Wformat-security' '-Werror=format-security' '-fPIC' '-v' '-o' 'cmTC_303ca' '-B' '/nix/store/4l35nqpaiwzhfafrpby1xf7kfik7ai7c-gcc-8.3.0-lib/lib' '-B' '/nix/store/pnd2kl27sag76h23wa5kl95a76n3k9i3-glibc-2.27/lib/' '-idirafter' '/nix/store/7sz2vlx5bz5sjqw75y0308yra1vr9dmx-glibc-2.27-dev/include' '-idirafter' '/nix/store/bzx75p22dpyzc62z9znkrm0xmvy4hxch-gcc-8.3.0/lib/gcc/x86_64-unknown-linux-gnu/8.3.0/include-fixed' '-B' '/nix/store/5w1sbkk3kwahwm25dhgnyd4w6kg4znmf-gcc-wrapper-8.3.0/bin/' '-L/nix/store/pnd2kl27sag76h23wa5kl95a76n3k9i3-glibc-2.27/lib' '-L/nix/store/4l35nqpaiwzhfafrpby1xf7kfik7ai7c-gcc-8.3.0-lib/lib' '-mtune=generic' '-march=x86-64']
  link line: [ /nix/store/bzx75p22dpyzc62z9znkrm0xmvy4hxch-gcc-8.3.0/libexec/gcc/x86_64-unknown-linux-gnu/8.3.0/collect2 -plugin /nix/store/bzx75p22dpyzc62z9znkrm0xmvy4hxch-gcc-8.3.0/libexec/gcc/x86_64-unknown-linux-gnu/8.3.0/liblto_plugin.so -plugin-opt=/nix/store/bzx75p22dpyzc62z9znkrm0xmvy4hxch-gcc-8.3.0/libexec/gcc/x86_64-unknown-linux-gnu/8.3.0/lto-wrapper -plugin-opt=-fresolution=/run/user/1000/cc9EVsV7.res -plugin-opt=-pass-through=-lgcc -plugin-opt=-pass-through=-lgcc_s -plugin-opt=-pass-through=-lc -plugin-opt=-pass-through=-lgcc -plugin-opt=-pass-through=-lgcc_s --eh-frame-hdr -m elf_x86_64 -dynamic-linker /nix/store/pnd2kl27sag76h23wa5kl95a76n3k9i3-glibc-2.27/lib64/ld-linux-x86-64.so.2 -o cmTC_303ca /nix/store/pnd2kl27sag76h23wa5kl95a76n3k9i3-glibc-2.27/lib/crt1.o /nix/store/pnd2kl27sag76h23wa5kl95a76n3k9i3-glibc-2.27/lib/crti.o /nix/store/bzx75p22dpyzc62z9znkrm0xmvy4hxch-gcc-8.3.0/lib/gcc/x86_64-unknown-linux-gnu/8.3.0/crtbegin.o -L/nix/store/pnd2kl27sag76h23wa5kl95a76n3k9i3-glibc-2.27/lib -L/nix/store/4l35nqpaiwzhfafrpby1xf7kfik7ai7c-gcc-8.3.0-lib/lib -L/nix/store/4l35nqpaiwzhfafrpby1xf7kfik7ai7c-gcc-8.3.0-lib/lib -L/nix/store/pnd2kl27sag76h23wa5kl95a76n3k9i3-glibc-2.27/lib -L/nix/store/5w1sbkk3kwahwm25dhgnyd4w6kg4znmf-gcc-wrapper-8.3.0/bin -L/nix/store/bzx75p22dpyzc62z9znkrm0xmvy4hxch-gcc-8.3.0/lib/gcc/x86_64-unknown-linux-gnu/8.3.0 -L/nix/store/bzx75p22dpyzc62z9znkrm0xmvy4hxch-gcc-8.3.0/lib/gcc/x86_64-unknown-linux-gnu/8.3.0/../../../../lib64 -L/nix/store/bzx75p22dpyzc62z9znkrm0xmvy4hxch-gcc-8.3.0/lib/gcc/x86_64-unknown-linux-gnu/8.3.0/../../.. -dynamic-linker /nix/store/pnd2kl27sag76h23wa5kl95a76n3k9i3-glibc-2.27/lib/ld-linux-x86-64.so.2 CMakeFiles/cmTC_303ca.dir/CMakeCCompilerABI.c.o -rpath /nix/store/7cf0s4zgcc9iyncnxqgy45340bww3mmr-rust-env/lib64 -rpath /nix/store/7cf0s4zgcc9iyncnxqgy45340bww3mmr-rust-env/lib -lgcc --as-needed -lgcc_s --no-as-needed -lc -lgcc --as-needed -lgcc_s --no-as-needed /nix/store/bzx75p22dpyzc62z9znkrm0xmvy4hxch-gcc-8.3.0/lib/gcc/x86_64-unknown-linux-gnu/8.3.0/crtend.o /nix/store/pnd2kl27sag76h23wa5kl95a76n3k9i3-glibc-2.27/lib/crtn.o]
    arg [/nix/store/bzx75p22dpyzc62z9znkrm0xmvy4hxch-gcc-8.3.0/libexec/gcc/x86_64-unknown-linux-gnu/8.3.0/collect2] ==> ignore
    arg [-plugin] ==> ignore
    arg [/nix/store/bzx75p22dpyzc62z9znkrm0xmvy4hxch-gcc-8.3.0/libexec/gcc/x86_64-unknown-linux-gnu/8.3.0/liblto_plugin.so] ==> ignore
    arg [-plugin-opt=/nix/store/bzx75p22dpyzc62z9znkrm0xmvy4hxch-gcc-8.3.0/libexec/gcc/x86_64-unknown-linux-gnu/8.3.0/lto-wrapper] ==> ignore
    arg [-plugin-opt=-fresolution=/run/user/1000/cc9EVsV7.res] ==> ignore
    arg [-plugin-opt=-pass-through=-lgcc] ==> ignore
    arg [-plugin-opt=-pass-through=-lgcc_s] ==> ignore
    arg [-plugin-opt=-pass-through=-lc] ==> ignore
    arg [-plugin-opt=-pass-through=-lgcc] ==> ignore
    arg [-plugin-opt=-pass-through=-lgcc_s] ==> ignore
    arg [--eh-frame-hdr] ==> ignore
    arg [-m] ==> ignore
    arg [elf_x86_64] ==> ignore
    arg [-dynamic-linker] ==> ignore
    arg [/nix/store/pnd2kl27sag76h23wa5kl95a76n3k9i3-glibc-2.27/lib64/ld-linux-x86-64.so.2] ==> ignore
    arg [-o] ==> ignore
    arg [cmTC_303ca] ==> ignore
    arg [/nix/store/pnd2kl27sag76h23wa5kl95a76n3k9i3-glibc-2.27/lib/crt1.o] ==> ignore
    arg [/nix/store/pnd2kl27sag76h23wa5kl95a76n3k9i3-glibc-2.27/lib/crti.o] ==> ignore
    arg [/nix/store/bzx75p22dpyzc62z9znkrm0xmvy4hxch-gcc-8.3.0/lib/gcc/x86_64-unknown-linux-gnu/8.3.0/crtbegin.o] ==> ignore
    arg [-L/nix/store/pnd2kl27sag76h23wa5kl95a76n3k9i3-glibc-2.27/lib] ==> dir [/nix/store/pnd2kl27sag76h23wa5kl95a76n3k9i3-glibc-2.27/lib]
    arg [-L/nix/store/4l35nqpaiwzhfafrpby1xf7kfik7ai7c-gcc-8.3.0-lib/lib] ==> dir [/nix/store/4l35nqpaiwzhfafrpby1xf7kfik7ai7c-gcc-8.3.0-lib/lib]
    arg [-L/nix/store/4l35nqpaiwzhfafrpby1xf7kfik7ai7c-gcc-8.3.0-lib/lib] ==> dir [/nix/store/4l35nqpaiwzhfafrpby1xf7kfik7ai7c-gcc-8.3.0-lib/lib]
    arg [-L/nix/store/pnd2kl27sag76h23wa5kl95a76n3k9i3-glibc-2.27/lib] ==> dir [/nix/store/pnd2kl27sag76h23wa5kl95a76n3k9i3-glibc-2.27/lib]
    arg [-L/nix/store/5w1sbkk3kwahwm25dhgnyd4w6kg4znmf-gcc-wrapper-8.3.0/bin] ==> dir [/nix/store/5w1sbkk3kwahwm25dhgnyd4w6kg4znmf-gcc-wrapper-8.3.0/bin]
    arg [-L/nix/store/bzx75p22dpyzc62z9znkrm0xmvy4hxch-gcc-8.3.0/lib/gcc/x86_64-unknown-linux-gnu/8.3.0] ==> dir [/nix/store/bzx75p22dpyzc62z9znkrm0xmvy4hxch-gcc-8.3.0/lib/gcc/x86_64-unknown-linux-gnu/8.3.0]
    arg [-L/nix/store/bzx75p22dpyzc62z9znkrm0xmvy4hxch-gcc-8.3.0/lib/gcc/x86_64-unknown-linux-gnu/8.3.0/../../../../lib64] ==> dir [/nix/store/bzx75p22dpyzc62z9znkrm0xmvy4hxch-gcc-8.3.0/lib/gcc/x86_64-unknown-linux-gnu/8.3.0/../../../../lib64]
    arg [-L/nix/store/bzx75p22dpyzc62z9znkrm0xmvy4hxch-gcc-8.3.0/lib/gcc/x86_64-unknown-linux-gnu/8.3.0/../../..] ==> dir [/nix/store/bzx75p22dpyzc62z9znkrm0xmvy4hxch-gcc-8.3.0/lib/gcc/x86_64-unknown-linux-gnu/8.3.0/../../..]
    arg [-dynamic-linker] ==> ignore
    arg [/nix/store/pnd2kl27sag76h23wa5kl95a76n3k9i3-glibc-2.27/lib/ld-linux-x86-64.so.2] ==> ignore
    arg [CMakeFiles/cmTC_303ca.dir/CMakeCCompilerABI.c.o] ==> ignore
    arg [-rpath] ==> ignore
    arg [/nix/store/7cf0s4zgcc9iyncnxqgy45340bww3mmr-rust-env/lib64] ==> ignore
    arg [-rpath] ==> ignore
    arg [/nix/store/7cf0s4zgcc9iyncnxqgy45340bww3mmr-rust-env/lib] ==> ignore
    arg [-lgcc] ==> lib [gcc]
    arg [--as-needed] ==> ignore
    arg [-lgcc_s] ==> lib [gcc_s]
    arg [--no-as-needed] ==> ignore
    arg [-lc] ==> lib [c]
    arg [-lgcc] ==> lib [gcc]
    arg [--as-needed] ==> ignore
    arg [-lgcc_s] ==> lib [gcc_s]
    arg [--no-as-needed] ==> ignore
    arg [/nix/store/bzx75p22dpyzc62z9znkrm0xmvy4hxch-gcc-8.3.0/lib/gcc/x86_64-unknown-linux-gnu/8.3.0/crtend.o] ==> ignore
    arg [/nix/store/pnd2kl27sag76h23wa5kl95a76n3k9i3-glibc-2.27/lib/crtn.o] ==> ignore
  collapse library dir [/nix/store/pnd2kl27sag76h23wa5kl95a76n3k9i3-glibc-2.27/lib] ==> [/nix/store/pnd2kl27sag76h23wa5kl95a76n3k9i3-glibc-2.27/lib]
  collapse library dir [/nix/store/4l35nqpaiwzhfafrpby1xf7kfik7ai7c-gcc-8.3.0-lib/lib] ==> [/nix/store/4l35nqpaiwzhfafrpby1xf7kfik7ai7c-gcc-8.3.0-lib/lib]
  collapse library dir [/nix/store/4l35nqpaiwzhfafrpby1xf7kfik7ai7c-gcc-8.3.0-lib/lib] ==> [/nix/store/4l35nqpaiwzhfafrpby1xf7kfik7ai7c-gcc-8.3.0-lib/lib]
  collapse library dir [/nix/store/pnd2kl27sag76h23wa5kl95a76n3k9i3-glibc-2.27/lib] ==> [/nix/store/pnd2kl27sag76h23wa5kl95a76n3k9i3-glibc-2.27/lib]
  collapse library dir [/nix/store/5w1sbkk3kwahwm25dhgnyd4w6kg4znmf-gcc-wrapper-8.3.0/bin] ==> [/nix/store/5w1sbkk3kwahwm25dhgnyd4w6kg4znmf-gcc-wrapper-8.3.0/bin]
  collapse library dir [/nix/store/bzx75p22dpyzc62z9znkrm0xmvy4hxch-gcc-8.3.0/lib/gcc/x86_64-unknown-linux-gnu/8.3.0] ==> [/nix/store/bzx75p22dpyzc62z9znkrm0xmvy4hxch-gcc-8.3.0/lib/gcc/x86_64-unknown-linux-gnu/8.3.0]
  collapse library dir [/nix/store/bzx75p22dpyzc62z9znkrm0xmvy4hxch-gcc-8.3.0/lib/gcc/x86_64-unknown-linux-gnu/8.3.0/../../../../lib64] ==> [/nix/store/bzx75p22dpyzc62z9znkrm0xmvy4hxch-gcc-8.3.0/lib64]
  collapse library dir [/nix/store/bzx75p22dpyzc62z9znkrm0xmvy4hxch-gcc-8.3.0/lib/gcc/x86_64-unknown-linux-gnu/8.3.0/../../..] ==> [/nix/store/bzx75p22dpyzc62z9znkrm0xmvy4hxch-gcc-8.3.0/lib]
  implicit libs: [gcc;gcc_s;c;gcc;gcc_s]
  implicit dirs: [/nix/store/pnd2kl27sag76h23wa5kl95a76n3k9i3-glibc-2.27/lib;/nix/store/4l35nqpaiwzhfafrpby1xf7kfik7ai7c-gcc-8.3.0-lib/lib;/nix/store/5w1sbkk3kwahwm25dhgnyd4w6kg4znmf-gcc-wrapper-8.3.0/bin;/nix/store/bzx75p22dpyzc62z9znkrm0xmvy4hxch-gcc-8.3.0/lib/gcc/x86_64-unknown-linux-gnu/8.3.0;/nix/store/bzx75p22dpyzc62z9znkrm0xmvy4hxch-gcc-8.3.0/lib64;/nix/store/bzx75p22dpyzc62z9znkrm0xmvy4hxch-gcc-8.3.0/lib]
  implicit fwks: []


Determining if the CXX compiler works passed with the following output:
Change Dir: /home/misha/MyProjects/led-cube/led-cube/CMakeFiles/CMakeTmp

Run Build Command(s):/nix/store/n4xi4wk9bzh4jp3hvrqk2bwy6jm6sah0-gnumake-4.2.1/bin/make cmTC_6741d/fast && make[1]: Entering directory '/home/misha/MyProjects/led-cube/led-cube/CMakeFiles/CMakeTmp'
/nix/store/n4xi4wk9bzh4jp3hvrqk2bwy6jm6sah0-gnumake-4.2.1/bin/make -f CMakeFiles/cmTC_6741d.dir/build.make CMakeFiles/cmTC_6741d.dir/build
make[2]: Entering directory '/home/misha/MyProjects/led-cube/led-cube/CMakeFiles/CMakeTmp'
Building CXX object CMakeFiles/cmTC_6741d.dir/testCXXCompiler.cxx.o
/nix/store/5w1sbkk3kwahwm25dhgnyd4w6kg4znmf-gcc-wrapper-8.3.0/bin/g++     -o CMakeFiles/cmTC_6741d.dir/testCXXCompiler.cxx.o -c /home/misha/MyProjects/led-cube/led-cube/CMakeFiles/CMakeTmp/testCXXCompiler.cxx
Linking CXX executable cmTC_6741d
/nix/store/nzic1zii59z4rbww8d3nq0a14dyc0xqg-cmake-3.15.1/bin/cmake -E cmake_link_script CMakeFiles/cmTC_6741d.dir/link.txt --verbose=1
/nix/store/5w1sbkk3kwahwm25dhgnyd4w6kg4znmf-gcc-wrapper-8.3.0/bin/g++       CMakeFiles/cmTC_6741d.dir/testCXXCompiler.cxx.o  -o cmTC_6741d 
make[2]: Leaving directory '/home/misha/MyProjects/led-cube/led-cube/CMakeFiles/CMakeTmp'
make[1]: Leaving directory '/home/misha/MyProjects/led-cube/led-cube/CMakeFiles/CMakeTmp'



Detecting CXX compiler ABI info compiled with the following output:
Change Dir: /home/misha/MyProjects/led-cube/led-cube/CMakeFiles/CMakeTmp

Run Build Command(s):/nix/store/n4xi4wk9bzh4jp3hvrqk2bwy6jm6sah0-gnumake-4.2.1/bin/make cmTC_877b9/fast && make[1]: Entering directory '/home/misha/MyProjects/led-cube/led-cube/CMakeFiles/CMakeTmp'
/nix/store/n4xi4wk9bzh4jp3hvrqk2bwy6jm6sah0-gnumake-4.2.1/bin/make -f CMakeFiles/cmTC_877b9.dir/build.make CMakeFiles/cmTC_877b9.dir/build
make[2]: Entering directory '/home/misha/MyProjects/led-cube/led-cube/CMakeFiles/CMakeTmp'
Building CXX object CMakeFiles/cmTC_877b9.dir/CMakeCXXCompilerABI.cpp.o
/nix/store/5w1sbkk3kwahwm25dhgnyd4w6kg4znmf-gcc-wrapper-8.3.0/bin/g++    -v -o CMakeFiles/cmTC_877b9.dir/CMakeCXXCompilerABI.cpp.o -c /nix/store/nzic1zii59z4rbww8d3nq0a14dyc0xqg-cmake-3.15.1/share/cmake-3.15/Modules/CMakeCXXCompilerABI.cpp
Using built-in specs.
COLLECT_GCC=/nix/store/bzx75p22dpyzc62z9znkrm0xmvy4hxch-gcc-8.3.0/bin/g++
Target: x86_64-unknown-linux-gnu
Configured with: 
Thread model: posix
gcc version 8.3.0 (GCC) 
COLLECT_GCC_OPTIONS='-O2' '-D' '_FORTIFY_SOURCE=2' '-fstack-protector-strong' '--param' 'ssp-buffer-size=4' '-fno-strict-overflow' '-Wformat=1' '-Wformat-security' '-Werror=format-security' '-fPIC' '-v' '-o' 'CMakeFiles/cmTC_877b9.dir/CMakeCXXCompilerABI.cpp.o' '-c' '-B' '/nix/store/4l35nqpaiwzhfafrpby1xf7kfik7ai7c-gcc-8.3.0-lib/lib' '-B' '/nix/store/pnd2kl27sag76h23wa5kl95a76n3k9i3-glibc-2.27/lib/' '-idirafter' '/nix/store/7sz2vlx5bz5sjqw75y0308yra1vr9dmx-glibc-2.27-dev/include' '-idirafter' '/nix/store/bzx75p22dpyzc62z9znkrm0xmvy4hxch-gcc-8.3.0/lib/gcc/x86_64-unknown-linux-gnu/8.3.0/include-fixed' '-B' '/nix/store/5w1sbkk3kwahwm25dhgnyd4w6kg4znmf-gcc-wrapper-8.3.0/bin/' '-shared-libgcc' '-mtune=generic' '-march=x86-64'
 /nix/store/bzx75p22dpyzc62z9znkrm0xmvy4hxch-gcc-8.3.0/libexec/gcc/x86_64-unknown-linux-gnu/8.3.0/cc1plus -quiet -v -D_GNU_SOURCE -D _FORTIFY_SOURCE=2 -idirafter /nix/store/7sz2vlx5bz5sjqw75y0308yra1vr9dmx-glibc-2.27-dev/include -idirafter /nix/store/bzx75p22dpyzc62z9znkrm0xmvy4hxch-gcc-8.3.0/lib/gcc/x86_64-unknown-linux-gnu/8.3.0/include-fixed /nix/store/nzic1zii59z4rbww8d3nq0a14dyc0xqg-cmake-3.15.1/share/cmake-3.15/Modules/CMakeCXXCompilerABI.cpp -quiet -dumpbase CMakeCXXCompilerABI.cpp -mtune=generic -march=x86-64 -auxbase-strip CMakeFiles/cmTC_877b9.dir/CMakeCXXCompilerABI.cpp.o -O2 -Wformat=1 -Wformat-security -Werror=format-security -version -fstack-protector-strong -fno-strict-overflow -fPIC --param ssp-buffer-size=4 -o /run/user/1000/cc4tX8ty.s
GNU C++14 (GCC) version 8.3.0 (x86_64-unknown-linux-gnu)
	compiled by GNU C version 8.3.0, GMP version 6.1.2, MPFR version 4.0.2, MPC version 1.1.0, isl version isl-0.17.1-GMP

GGC heuristics: --param ggc-min-expand=100 --param ggc-min-heapsize=131072
ignoring nonexistent directory "/nix/store/bzx75p22dpyzc62z9znkrm0xmvy4hxch-gcc-8.3.0/lib/gcc/x86_64-unknown-linux-gnu/8.3.0/../../../../x86_64-unknown-linux-gnu/include"
ignoring duplicate directory "/nix/store/7sz2vlx5bz5sjqw75y0308yra1vr9dmx-glibc-2.27-dev/include"
ignoring duplicate directory "/nix/store/bzx75p22dpyzc62z9znkrm0xmvy4hxch-gcc-8.3.0/lib/gcc/x86_64-unknown-linux-gnu/8.3.0/include-fixed"
#include "..." search starts here:
#include <...> search starts here:
 /nix/store/bzx75p22dpyzc62z9znkrm0xmvy4hxch-gcc-8.3.0/lib/gcc/x86_64-unknown-linux-gnu/8.3.0/../../../../include/c++/8.3.0
 /nix/store/bzx75p22dpyzc62z9znkrm0xmvy4hxch-gcc-8.3.0/lib/gcc/x86_64-unknown-linux-gnu/8.3.0/../../../../include/c++/8.3.0/x86_64-unknown-linux-gnu
 /nix/store/bzx75p22dpyzc62z9znkrm0xmvy4hxch-gcc-8.3.0/lib/gcc/x86_64-unknown-linux-gnu/8.3.0/../../../../include/c++/8.3.0/backward
 /nix/store/bzx75p22dpyzc62z9znkrm0xmvy4hxch-gcc-8.3.0/lib/gcc/x86_64-unknown-linux-gnu/8.3.0/include
 /nix/store/bzx75p22dpyzc62z9znkrm0xmvy4hxch-gcc-8.3.0/include
 /nix/store/bzx75p22dpyzc62z9znkrm0xmvy4hxch-gcc-8.3.0/lib/gcc/x86_64-unknown-linux-gnu/8.3.0/include-fixed
 /nix/store/7sz2vlx5bz5sjqw75y0308yra1vr9dmx-glibc-2.27-dev/include
End of search list.
GNU C++14 (GCC) version 8.3.0 (x86_64-unknown-linux-gnu)
	compiled by GNU C version 8.3.0, GMP version 6.1.2, MPFR version 4.0.2, MPC version 1.1.0, isl version isl-0.17.1-GMP

GGC heuristics: --param ggc-min-expand=100 --param ggc-min-heapsize=131072
Compiler executable checksum: 34904c1bc41681f4cdd33a4cedd6e2c7
COLLECT_GCC_OPTIONS='-O2' '-D' '_FORTIFY_SOURCE=2' '-fstack-protector-strong' '--param' 'ssp-buffer-size=4' '-fno-strict-overflow' '-Wformat=1' '-Wformat-security' '-Werror=format-security' '-fPIC' '-v' '-o' 'CMakeFiles/cmTC_877b9.dir/CMakeCXXCompilerABI.cpp.o' '-c' '-B' '/nix/store/4l35nqpaiwzhfafrpby1xf7kfik7ai7c-gcc-8.3.0-lib/lib' '-B' '/nix/store/pnd2kl27sag76h23wa5kl95a76n3k9i3-glibc-2.27/lib/' '-idirafter' '/nix/store/7sz2vlx5bz5sjqw75y0308yra1vr9dmx-glibc-2.27-dev/include' '-idirafter' '/nix/store/bzx75p22dpyzc62z9znkrm0xmvy4hxch-gcc-8.3.0/lib/gcc/x86_64-unknown-linux-gnu/8.3.0/include-fixed' '-B' '/nix/store/5w1sbkk3kwahwm25dhgnyd4w6kg4znmf-gcc-wrapper-8.3.0/bin/' '-shared-libgcc' '-mtune=generic' '-march=x86-64'
 /nix/store/5w1sbkk3kwahwm25dhgnyd4w6kg4znmf-gcc-wrapper-8.3.0/bin/as -v --64 -o CMakeFiles/cmTC_877b9.dir/CMakeCXXCompilerABI.cpp.o /run/user/1000/cc4tX8ty.s
GNU assembler version 2.31.1 (x86_64-unknown-linux-gnu) using BFD version (GNU Binutils) 2.31.1
COMPILER_PATH=/nix/store/4l35nqpaiwzhfafrpby1xf7kfik7ai7c-gcc-8.3.0-lib/lib/:/nix/store/pnd2kl27sag76h23wa5kl95a76n3k9i3-glibc-2.27/lib/:/nix/store/5w1sbkk3kwahwm25dhgnyd4w6kg4znmf-gcc-wrapper-8.3.0/bin/:/nix/store/bzx75p22dpyzc62z9znkrm0xmvy4hxch-gcc-8.3.0/libexec/gcc/x86_64-unknown-linux-gnu/8.3.0/:/nix/store/bzx75p22dpyzc62z9znkrm0xmvy4hxch-gcc-8.3.0/libexec/gcc/x86_64-unknown-linux-gnu/8.3.0/:/nix/store/bzx75p22dpyzc62z9znkrm0xmvy4hxch-gcc-8.3.0/libexec/gcc/x86_64-unknown-linux-gnu/:/nix/store/bzx75p22dpyzc62z9znkrm0xmvy4hxch-gcc-8.3.0/lib/gcc/x86_64-unknown-linux-gnu/8.3.0/:/nix/store/bzx75p22dpyzc62z9znkrm0xmvy4hxch-gcc-8.3.0/lib/gcc/x86_64-unknown-linux-gnu/
LIBRARY_PATH=/nix/store/4l35nqpaiwzhfafrpby1xf7kfik7ai7c-gcc-8.3.0-lib/lib/:/nix/store/pnd2kl27sag76h23wa5kl95a76n3k9i3-glibc-2.27/lib/:/nix/store/5w1sbkk3kwahwm25dhgnyd4w6kg4znmf-gcc-wrapper-8.3.0/bin/:/nix/store/bzx75p22dpyzc62z9znkrm0xmvy4hxch-gcc-8.3.0/lib/gcc/x86_64-unknown-linux-gnu/8.3.0/:/nix/store/bzx75p22dpyzc62z9znkrm0xmvy4hxch-gcc-8.3.0/lib/gcc/x86_64-unknown-linux-gnu/8.3.0/../../../../lib64/:/nix/store/bzx75p22dpyzc62z9znkrm0xmvy4hxch-gcc-8.3.0/lib/gcc/x86_64-unknown-linux-gnu/8.3.0/../../../
COLLECT_GCC_OPTIONS='-O2' '-D' '_FORTIFY_SOURCE=2' '-fstack-protector-strong' '--param' 'ssp-buffer-size=4' '-fno-strict-overflow' '-Wformat=1' '-Wformat-security' '-Werror=format-security' '-fPIC' '-v' '-o' 'CMakeFiles/cmTC_877b9.dir/CMakeCXXCompilerABI.cpp.o' '-c' '-B' '/nix/store/4l35nqpaiwzhfafrpby1xf7kfik7ai7c-gcc-8.3.0-lib/lib' '-B' '/nix/store/pnd2kl27sag76h23wa5kl95a76n3k9i3-glibc-2.27/lib/' '-idirafter' '/nix/store/7sz2vlx5bz5sjqw75y0308yra1vr9dmx-glibc-2.27-dev/include' '-idirafter' '/nix/store/bzx75p22dpyzc62z9znkrm0xmvy4hxch-gcc-8.3.0/lib/gcc/x86_64-unknown-linux-gnu/8.3.0/include-fixed' '-B' '/nix/store/5w1sbkk3kwahwm25dhgnyd4w6kg4znmf-gcc-wrapper-8.3.0/bin/' '-shared-libgcc' '-mtune=generic' '-march=x86-64'
Linking CXX executable cmTC_877b9
/nix/store/nzic1zii59z4rbww8d3nq0a14dyc0xqg-cmake-3.15.1/bin/cmake -E cmake_link_script CMakeFiles/cmTC_877b9.dir/link.txt --verbose=1
/nix/store/5w1sbkk3kwahwm25dhgnyd4w6kg4znmf-gcc-wrapper-8.3.0/bin/g++      -v CMakeFiles/cmTC_877b9.dir/CMakeCXXCompilerABI.cpp.o  -o cmTC_877b9 
Using built-in specs.
COLLECT_GCC=/nix/store/bzx75p22dpyzc62z9znkrm0xmvy4hxch-gcc-8.3.0/bin/g++
COLLECT_LTO_WRAPPER=/nix/store/bzx75p22dpyzc62z9znkrm0xmvy4hxch-gcc-8.3.0/libexec/gcc/x86_64-unknown-linux-gnu/8.3.0/lto-wrapper
Target: x86_64-unknown-linux-gnu
Configured with: 
Thread model: posix
gcc version 8.3.0 (GCC) 
COMPILER_PATH=/nix/store/4l35nqpaiwzhfafrpby1xf7kfik7ai7c-gcc-8.3.0-lib/lib/:/nix/store/pnd2kl27sag76h23wa5kl95a76n3k9i3-glibc-2.27/lib/:/nix/store/5w1sbkk3kwahwm25dhgnyd4w6kg4znmf-gcc-wrapper-8.3.0/bin/:/nix/store/bzx75p22dpyzc62z9znkrm0xmvy4hxch-gcc-8.3.0/libexec/gcc/x86_64-unknown-linux-gnu/8.3.0/:/nix/store/bzx75p22dpyzc62z9znkrm0xmvy4hxch-gcc-8.3.0/libexec/gcc/x86_64-unknown-linux-gnu/8.3.0/:/nix/store/bzx75p22dpyzc62z9znkrm0xmvy4hxch-gcc-8.3.0/libexec/gcc/x86_64-unknown-linux-gnu/:/nix/store/bzx75p22dpyzc62z9znkrm0xmvy4hxch-gcc-8.3.0/lib/gcc/x86_64-unknown-linux-gnu/8.3.0/:/nix/store/bzx75p22dpyzc62z9znkrm0xmvy4hxch-gcc-8.3.0/lib/gcc/x86_64-unknown-linux-gnu/
LIBRARY_PATH=/nix/store/4l35nqpaiwzhfafrpby1xf7kfik7ai7c-gcc-8.3.0-lib/lib/:/nix/store/pnd2kl27sag76h23wa5kl95a76n3k9i3-glibc-2.27/lib/:/nix/store/5w1sbkk3kwahwm25dhgnyd4w6kg4znmf-gcc-wrapper-8.3.0/bin/:/nix/store/bzx75p22dpyzc62z9znkrm0xmvy4hxch-gcc-8.3.0/lib/gcc/x86_64-unknown-linux-gnu/8.3.0/:/nix/store/bzx75p22dpyzc62z9znkrm0xmvy4hxch-gcc-8.3.0/lib/gcc/x86_64-unknown-linux-gnu/8.3.0/../../../../lib64/:/nix/store/bzx75p22dpyzc62z9znkrm0xmvy4hxch-gcc-8.3.0/lib/gcc/x86_64-unknown-linux-gnu/8.3.0/../../../
COLLECT_GCC_OPTIONS='-O2' '-D' '_FORTIFY_SOURCE=2' '-fstack-protector-strong' '--param' 'ssp-buffer-size=4' '-fno-strict-overflow' '-Wformat=1' '-Wformat-security' '-Werror=format-security' '-fPIC' '-v' '-o' 'cmTC_877b9' '-B' '/nix/store/4l35nqpaiwzhfafrpby1xf7kfik7ai7c-gcc-8.3.0-lib/lib' '-B' '/nix/store/pnd2kl27sag76h23wa5kl95a76n3k9i3-glibc-2.27/lib/' '-idirafter' '/nix/store/7sz2vlx5bz5sjqw75y0308yra1vr9dmx-glibc-2.27-dev/include' '-idirafter' '/nix/store/bzx75p22dpyzc62z9znkrm0xmvy4hxch-gcc-8.3.0/lib/gcc/x86_64-unknown-linux-gnu/8.3.0/include-fixed' '-B' '/nix/store/5w1sbkk3kwahwm25dhgnyd4w6kg4znmf-gcc-wrapper-8.3.0/bin/' '-L/nix/store/pnd2kl27sag76h23wa5kl95a76n3k9i3-glibc-2.27/lib' '-L/nix/store/4l35nqpaiwzhfafrpby1xf7kfik7ai7c-gcc-8.3.0-lib/lib' '-shared-libgcc' '-mtune=generic' '-march=x86-64'
 /nix/store/bzx75p22dpyzc62z9znkrm0xmvy4hxch-gcc-8.3.0/libexec/gcc/x86_64-unknown-linux-gnu/8.3.0/collect2 -plugin /nix/store/bzx75p22dpyzc62z9znkrm0xmvy4hxch-gcc-8.3.0/libexec/gcc/x86_64-unknown-linux-gnu/8.3.0/liblto_plugin.so -plugin-opt=/nix/store/bzx75p22dpyzc62z9znkrm0xmvy4hxch-gcc-8.3.0/libexec/gcc/x86_64-unknown-linux-gnu/8.3.0/lto-wrapper -plugin-opt=-fresolution=/run/user/1000/ccCuDUeD.res -plugin-opt=-pass-through=-lgcc_s -plugin-opt=-pass-through=-lgcc -plugin-opt=-pass-through=-lc -plugin-opt=-pass-through=-lgcc_s -plugin-opt=-pass-through=-lgcc --eh-frame-hdr -m elf_x86_64 -dynamic-linker /nix/store/pnd2kl27sag76h23wa5kl95a76n3k9i3-glibc-2.27/lib64/ld-linux-x86-64.so.2 -o cmTC_877b9 /nix/store/pnd2kl27sag76h23wa5kl95a76n3k9i3-glibc-2.27/lib/crt1.o /nix/store/pnd2kl27sag76h23wa5kl95a76n3k9i3-glibc-2.27/lib/crti.o /nix/store/bzx75p22dpyzc62z9znkrm0xmvy4hxch-gcc-8.3.0/lib/gcc/x86_64-unknown-linux-gnu/8.3.0/crtbegin.o -L/nix/store/pnd2kl27sag76h23wa5kl95a76n3k9i3-glibc-2.27/lib -L/nix/store/4l35nqpaiwzhfafrpby1xf7kfik7ai7c-gcc-8.3.0-lib/lib -L/nix/store/4l35nqpaiwzhfafrpby1xf7kfik7ai7c-gcc-8.3.0-lib/lib -L/nix/store/pnd2kl27sag76h23wa5kl95a76n3k9i3-glibc-2.27/lib -L/nix/store/5w1sbkk3kwahwm25dhgnyd4w6kg4znmf-gcc-wrapper-8.3.0/bin -L/nix/store/bzx75p22dpyzc62z9znkrm0xmvy4hxch-gcc-8.3.0/lib/gcc/x86_64-unknown-linux-gnu/8.3.0 -L/nix/store/bzx75p22dpyzc62z9znkrm0xmvy4hxch-gcc-8.3.0/lib/gcc/x86_64-unknown-linux-gnu/8.3.0/../../../../lib64 -L/nix/store/bzx75p22dpyzc62z9znkrm0xmvy4hxch-gcc-8.3.0/lib/gcc/x86_64-unknown-linux-gnu/8.3.0/../../.. -dynamic-linker /nix/store/pnd2kl27sag76h23wa5kl95a76n3k9i3-glibc-2.27/lib/ld-linux-x86-64.so.2 CMakeFiles/cmTC_877b9.dir/CMakeCXXCompilerABI.cpp.o -rpath /nix/store/7cf0s4zgcc9iyncnxqgy45340bww3mmr-rust-env/lib64 -rpath /nix/store/7cf0s4zgcc9iyncnxqgy45340bww3mmr-rust-env/lib -lstdc++ -lm -lgcc_s -lgcc -lc -lgcc_s -lgcc /nix/store/bzx75p22dpyzc62z9znkrm0xmvy4hxch-gcc-8.3.0/lib/gcc/x86_64-unknown-linux-gnu/8.3.0/crtend.o /nix/store/pnd2kl27sag76h23wa5kl95a76n3k9i3-glibc-2.27/lib/crtn.o
COLLECT_GCC_OPTIONS='-O2' '-D' '_FORTIFY_SOURCE=2' '-fstack-protector-strong' '--param' 'ssp-buffer-size=4' '-fno-strict-overflow' '-Wformat=1' '-Wformat-security' '-Werror=format-security' '-fPIC' '-v' '-o' 'cmTC_877b9' '-B' '/nix/store/4l35nqpaiwzhfafrpby1xf7kfik7ai7c-gcc-8.3.0-lib/lib' '-B' '/nix/store/pnd2kl27sag76h23wa5kl95a76n3k9i3-glibc-2.27/lib/' '-idirafter' '/nix/store/7sz2vlx5bz5sjqw75y0308yra1vr9dmx-glibc-2.27-dev/include' '-idirafter' '/nix/store/bzx75p22dpyzc62z9znkrm0xmvy4hxch-gcc-8.3.0/lib/gcc/x86_64-unknown-linux-gnu/8.3.0/include-fixed' '-B' '/nix/store/5w1sbkk3kwahwm25dhgnyd4w6kg4znmf-gcc-wrapper-8.3.0/bin/' '-L/nix/store/pnd2kl27sag76h23wa5kl95a76n3k9i3-glibc-2.27/lib' '-L/nix/store/4l35nqpaiwzhfafrpby1xf7kfik7ai7c-gcc-8.3.0-lib/lib' '-shared-libgcc' '-mtune=generic' '-march=x86-64'
make[2]: Leaving directory '/home/misha/MyProjects/led-cube/led-cube/CMakeFiles/CMakeTmp'
make[1]: Leaving directory '/home/misha/MyProjects/led-cube/led-cube/CMakeFiles/CMakeTmp'



Parsed CXX implicit include dir info from above output: rv=done
  found start of include info
  found start of implicit include info
    add: [/nix/store/bzx75p22dpyzc62z9znkrm0xmvy4hxch-gcc-8.3.0/lib/gcc/x86_64-unknown-linux-gnu/8.3.0/../../../../include/c++/8.3.0]
    add: [/nix/store/bzx75p22dpyzc62z9znkrm0xmvy4hxch-gcc-8.3.0/lib/gcc/x86_64-unknown-linux-gnu/8.3.0/../../../../include/c++/8.3.0/x86_64-unknown-linux-gnu]
    add: [/nix/store/bzx75p22dpyzc62z9znkrm0xmvy4hxch-gcc-8.3.0/lib/gcc/x86_64-unknown-linux-gnu/8.3.0/../../../../include/c++/8.3.0/backward]
    add: [/nix/store/bzx75p22dpyzc62z9znkrm0xmvy4hxch-gcc-8.3.0/lib/gcc/x86_64-unknown-linux-gnu/8.3.0/include]
    add: [/nix/store/bzx75p22dpyzc62z9znkrm0xmvy4hxch-gcc-8.3.0/include]
    add: [/nix/store/bzx75p22dpyzc62z9znkrm0xmvy4hxch-gcc-8.3.0/lib/gcc/x86_64-unknown-linux-gnu/8.3.0/include-fixed]
    add: [/nix/store/7sz2vlx5bz5sjqw75y0308yra1vr9dmx-glibc-2.27-dev/include]
  end of search list found
  collapse include dir [/nix/store/bzx75p22dpyzc62z9znkrm0xmvy4hxch-gcc-8.3.0/lib/gcc/x86_64-unknown-linux-gnu/8.3.0/../../../../include/c++/8.3.0] ==> [/nix/store/bzx75p22dpyzc62z9znkrm0xmvy4hxch-gcc-8.3.0/include/c++/8.3.0]
  collapse include dir [/nix/store/bzx75p22dpyzc62z9znkrm0xmvy4hxch-gcc-8.3.0/lib/gcc/x86_64-unknown-linux-gnu/8.3.0/../../../../include/c++/8.3.0/x86_64-unknown-linux-gnu] ==> [/nix/store/bzx75p22dpyzc62z9znkrm0xmvy4hxch-gcc-8.3.0/include/c++/8.3.0/x86_64-unknown-linux-gnu]
  collapse include dir [/nix/store/bzx75p22dpyzc62z9znkrm0xmvy4hxch-gcc-8.3.0/lib/gcc/x86_64-unknown-linux-gnu/8.3.0/../../../../include/c++/8.3.0/backward] ==> [/nix/store/bzx75p22dpyzc62z9znkrm0xmvy4hxch-gcc-8.3.0/include/c++/8.3.0/backward]
  collapse include dir [/nix/store/bzx75p22dpyzc62z9znkrm0xmvy4hxch-gcc-8.3.0/lib/gcc/x86_64-unknown-linux-gnu/8.3.0/include] ==> [/nix/store/bzx75p22dpyzc62z9znkrm0xmvy4hxch-gcc-8.3.0/lib/gcc/x86_64-unknown-linux-gnu/8.3.0/include]
  collapse include dir [/nix/store/bzx75p22dpyzc62z9znkrm0xmvy4hxch-gcc-8.3.0/include] ==> [/nix/store/bzx75p22dpyzc62z9znkrm0xmvy4hxch-gcc-8.3.0/include]
  collapse include dir [/nix/store/bzx75p22dpyzc62z9znkrm0xmvy4hxch-gcc-8.3.0/lib/gcc/x86_64-unknown-linux-gnu/8.3.0/include-fixed] ==> [/nix/store/bzx75p22dpyzc62z9znkrm0xmvy4hxch-gcc-8.3.0/lib/gcc/x86_64-unknown-linux-gnu/8.3.0/include-fixed]
  collapse include dir [/nix/store/7sz2vlx5bz5sjqw75y0308yra1vr9dmx-glibc-2.27-dev/include] ==> [/nix/store/7sz2vlx5bz5sjqw75y0308yra1vr9dmx-glibc-2.27-dev/include]
  implicit include dirs: [/nix/store/bzx75p22dpyzc62z9znkrm0xmvy4hxch-gcc-8.3.0/include/c++/8.3.0;/nix/store/bzx75p22dpyzc62z9znkrm0xmvy4hxch-gcc-8.3.0/include/c++/8.3.0/x86_64-unknown-linux-gnu;/nix/store/bzx75p22dpyzc62z9znkrm0xmvy4hxch-gcc-8.3.0/include/c++/8.3.0/backward;/nix/store/bzx75p22dpyzc62z9znkrm0xmvy4hxch-gcc-8.3.0/lib/gcc/x86_64-unknown-linux-gnu/8.3.0/include;/nix/store/bzx75p22dpyzc62z9znkrm0xmvy4hxch-gcc-8.3.0/include;/nix/store/bzx75p22dpyzc62z9znkrm0xmvy4hxch-gcc-8.3.0/lib/gcc/x86_64-unknown-linux-gnu/8.3.0/include-fixed;/nix/store/7sz2vlx5bz5sjqw75y0308yra1vr9dmx-glibc-2.27-dev/include]


Parsed CXX implicit link information from above output:
  link line regex: [^( *|.*[/\])(ld|CMAKE_LINK_STARTFILE-NOTFOUND|([^/\]+-)?ld|collect2)[^/\]*( |$)]
  ignore line: [Change Dir: /home/misha/MyProjects/led-cube/led-cube/CMakeFiles/CMakeTmp]
  ignore line: []
  ignore line: [Run Build Command(s):/nix/store/n4xi4wk9bzh4jp3hvrqk2bwy6jm6sah0-gnumake-4.2.1/bin/make cmTC_877b9/fast && make[1]: Entering directory '/home/misha/MyProjects/led-cube/led-cube/CMakeFiles/CMakeTmp']
  ignore line: [/nix/store/n4xi4wk9bzh4jp3hvrqk2bwy6jm6sah0-gnumake-4.2.1/bin/make -f CMakeFiles/cmTC_877b9.dir/build.make CMakeFiles/cmTC_877b9.dir/build]
  ignore line: [make[2]: Entering directory '/home/misha/MyProjects/led-cube/led-cube/CMakeFiles/CMakeTmp']
  ignore line: [Building CXX object CMakeFiles/cmTC_877b9.dir/CMakeCXXCompilerABI.cpp.o]
  ignore line: [/nix/store/5w1sbkk3kwahwm25dhgnyd4w6kg4znmf-gcc-wrapper-8.3.0/bin/g++    -v -o CMakeFiles/cmTC_877b9.dir/CMakeCXXCompilerABI.cpp.o -c /nix/store/nzic1zii59z4rbww8d3nq0a14dyc0xqg-cmake-3.15.1/share/cmake-3.15/Modules/CMakeCXXCompilerABI.cpp]
  ignore line: [Using built-in specs.]
  ignore line: [COLLECT_GCC=/nix/store/bzx75p22dpyzc62z9znkrm0xmvy4hxch-gcc-8.3.0/bin/g++]
  ignore line: [Target: x86_64-unknown-linux-gnu]
  ignore line: [Configured with: ]
  ignore line: [Thread model: posix]
  ignore line: [gcc version 8.3.0 (GCC) ]
  ignore line: [COLLECT_GCC_OPTIONS='-O2' '-D' '_FORTIFY_SOURCE=2' '-fstack-protector-strong' '--param' 'ssp-buffer-size=4' '-fno-strict-overflow' '-Wformat=1' '-Wformat-security' '-Werror=format-security' '-fPIC' '-v' '-o' 'CMakeFiles/cmTC_877b9.dir/CMakeCXXCompilerABI.cpp.o' '-c' '-B' '/nix/store/4l35nqpaiwzhfafrpby1xf7kfik7ai7c-gcc-8.3.0-lib/lib' '-B' '/nix/store/pnd2kl27sag76h23wa5kl95a76n3k9i3-glibc-2.27/lib/' '-idirafter' '/nix/store/7sz2vlx5bz5sjqw75y0308yra1vr9dmx-glibc-2.27-dev/include' '-idirafter' '/nix/store/bzx75p22dpyzc62z9znkrm0xmvy4hxch-gcc-8.3.0/lib/gcc/x86_64-unknown-linux-gnu/8.3.0/include-fixed' '-B' '/nix/store/5w1sbkk3kwahwm25dhgnyd4w6kg4znmf-gcc-wrapper-8.3.0/bin/' '-shared-libgcc' '-mtune=generic' '-march=x86-64']
  ignore line: [ /nix/store/bzx75p22dpyzc62z9znkrm0xmvy4hxch-gcc-8.3.0/libexec/gcc/x86_64-unknown-linux-gnu/8.3.0/cc1plus -quiet -v -D_GNU_SOURCE -D _FORTIFY_SOURCE=2 -idirafter /nix/store/7sz2vlx5bz5sjqw75y0308yra1vr9dmx-glibc-2.27-dev/include -idirafter /nix/store/bzx75p22dpyzc62z9znkrm0xmvy4hxch-gcc-8.3.0/lib/gcc/x86_64-unknown-linux-gnu/8.3.0/include-fixed /nix/store/nzic1zii59z4rbww8d3nq0a14dyc0xqg-cmake-3.15.1/share/cmake-3.15/Modules/CMakeCXXCompilerABI.cpp -quiet -dumpbase CMakeCXXCompilerABI.cpp -mtune=generic -march=x86-64 -auxbase-strip CMakeFiles/cmTC_877b9.dir/CMakeCXXCompilerABI.cpp.o -O2 -Wformat=1 -Wformat-security -Werror=format-security -version -fstack-protector-strong -fno-strict-overflow -fPIC --param ssp-buffer-size=4 -o /run/user/1000/cc4tX8ty.s]
  ignore line: [GNU C++14 (GCC) version 8.3.0 (x86_64-unknown-linux-gnu)]
  ignore line: [	compiled by GNU C version 8.3.0, GMP version 6.1.2, MPFR version 4.0.2, MPC version 1.1.0, isl version isl-0.17.1-GMP]
  ignore line: []
  ignore line: [GGC heuristics: --param ggc-min-expand=100 --param ggc-min-heapsize=131072]
  ignore line: [ignoring nonexistent directory "/nix/store/bzx75p22dpyzc62z9znkrm0xmvy4hxch-gcc-8.3.0/lib/gcc/x86_64-unknown-linux-gnu/8.3.0/../../../../x86_64-unknown-linux-gnu/include"]
  ignore line: [ignoring duplicate directory "/nix/store/7sz2vlx5bz5sjqw75y0308yra1vr9dmx-glibc-2.27-dev/include"]
  ignore line: [ignoring duplicate directory "/nix/store/bzx75p22dpyzc62z9znkrm0xmvy4hxch-gcc-8.3.0/lib/gcc/x86_64-unknown-linux-gnu/8.3.0/include-fixed"]
  ignore line: [#include "..." search starts here:]
  ignore line: [#include <...> search starts here:]
  ignore line: [ /nix/store/bzx75p22dpyzc62z9znkrm0xmvy4hxch-gcc-8.3.0/lib/gcc/x86_64-unknown-linux-gnu/8.3.0/../../../../include/c++/8.3.0]
  ignore line: [ /nix/store/bzx75p22dpyzc62z9znkrm0xmvy4hxch-gcc-8.3.0/lib/gcc/x86_64-unknown-linux-gnu/8.3.0/../../../../include/c++/8.3.0/x86_64-unknown-linux-gnu]
  ignore line: [ /nix/store/bzx75p22dpyzc62z9znkrm0xmvy4hxch-gcc-8.3.0/lib/gcc/x86_64-unknown-linux-gnu/8.3.0/../../../../include/c++/8.3.0/backward]
  ignore line: [ /nix/store/bzx75p22dpyzc62z9znkrm0xmvy4hxch-gcc-8.3.0/lib/gcc/x86_64-unknown-linux-gnu/8.3.0/include]
  ignore line: [ /nix/store/bzx75p22dpyzc62z9znkrm0xmvy4hxch-gcc-8.3.0/include]
  ignore line: [ /nix/store/bzx75p22dpyzc62z9znkrm0xmvy4hxch-gcc-8.3.0/lib/gcc/x86_64-unknown-linux-gnu/8.3.0/include-fixed]
  ignore line: [ /nix/store/7sz2vlx5bz5sjqw75y0308yra1vr9dmx-glibc-2.27-dev/include]
  ignore line: [End of search list.]
  ignore line: [GNU C++14 (GCC) version 8.3.0 (x86_64-unknown-linux-gnu)]
  ignore line: [	compiled by GNU C version 8.3.0, GMP version 6.1.2, MPFR version 4.0.2, MPC version 1.1.0, isl version isl-0.17.1-GMP]
  ignore line: []
  ignore line: [GGC heuristics: --param ggc-min-expand=100 --param ggc-min-heapsize=131072]
  ignore line: [Compiler executable checksum: 34904c1bc41681f4cdd33a4cedd6e2c7]
  ignore line: [COLLECT_GCC_OPTIONS='-O2' '-D' '_FORTIFY_SOURCE=2' '-fstack-protector-strong' '--param' 'ssp-buffer-size=4' '-fno-strict-overflow' '-Wformat=1' '-Wformat-security' '-Werror=format-security' '-fPIC' '-v' '-o' 'CMakeFiles/cmTC_877b9.dir/CMakeCXXCompilerABI.cpp.o' '-c' '-B' '/nix/store/4l35nqpaiwzhfafrpby1xf7kfik7ai7c-gcc-8.3.0-lib/lib' '-B' '/nix/store/pnd2kl27sag76h23wa5kl95a76n3k9i3-glibc-2.27/lib/' '-idirafter' '/nix/store/7sz2vlx5bz5sjqw75y0308yra1vr9dmx-glibc-2.27-dev/include' '-idirafter' '/nix/store/bzx75p22dpyzc62z9znkrm0xmvy4hxch-gcc-8.3.0/lib/gcc/x86_64-unknown-linux-gnu/8.3.0/include-fixed' '-B' '/nix/store/5w1sbkk3kwahwm25dhgnyd4w6kg4znmf-gcc-wrapper-8.3.0/bin/' '-shared-libgcc' '-mtune=generic' '-march=x86-64']
  ignore line: [ /nix/store/5w1sbkk3kwahwm25dhgnyd4w6kg4znmf-gcc-wrapper-8.3.0/bin/as -v --64 -o CMakeFiles/cmTC_877b9.dir/CMakeCXXCompilerABI.cpp.o /run/user/1000/cc4tX8ty.s]
  ignore line: [GNU assembler version 2.31.1 (x86_64-unknown-linux-gnu) using BFD version (GNU Binutils) 2.31.1]
  ignore line: [COMPILER_PATH=/nix/store/4l35nqpaiwzhfafrpby1xf7kfik7ai7c-gcc-8.3.0-lib/lib/:/nix/store/pnd2kl27sag76h23wa5kl95a76n3k9i3-glibc-2.27/lib/:/nix/store/5w1sbkk3kwahwm25dhgnyd4w6kg4znmf-gcc-wrapper-8.3.0/bin/:/nix/store/bzx75p22dpyzc62z9znkrm0xmvy4hxch-gcc-8.3.0/libexec/gcc/x86_64-unknown-linux-gnu/8.3.0/:/nix/store/bzx75p22dpyzc62z9znkrm0xmvy4hxch-gcc-8.3.0/libexec/gcc/x86_64-unknown-linux-gnu/8.3.0/:/nix/store/bzx75p22dpyzc62z9znkrm0xmvy4hxch-gcc-8.3.0/libexec/gcc/x86_64-unknown-linux-gnu/:/nix/store/bzx75p22dpyzc62z9znkrm0xmvy4hxch-gcc-8.3.0/lib/gcc/x86_64-unknown-linux-gnu/8.3.0/:/nix/store/bzx75p22dpyzc62z9znkrm0xmvy4hxch-gcc-8.3.0/lib/gcc/x86_64-unknown-linux-gnu/]
  ignore line: [LIBRARY_PATH=/nix/store/4l35nqpaiwzhfafrpby1xf7kfik7ai7c-gcc-8.3.0-lib/lib/:/nix/store/pnd2kl27sag76h23wa5kl95a76n3k9i3-glibc-2.27/lib/:/nix/store/5w1sbkk3kwahwm25dhgnyd4w6kg4znmf-gcc-wrapper-8.3.0/bin/:/nix/store/bzx75p22dpyzc62z9znkrm0xmvy4hxch-gcc-8.3.0/lib/gcc/x86_64-unknown-linux-gnu/8.3.0/:/nix/store/bzx75p22dpyzc62z9znkrm0xmvy4hxch-gcc-8.3.0/lib/gcc/x86_64-unknown-linux-gnu/8.3.0/../../../../lib64/:/nix/store/bzx75p22dpyzc62z9znkrm0xmvy4hxch-gcc-8.3.0/lib/gcc/x86_64-unknown-linux-gnu/8.3.0/../../../]
  ignore line: [COLLECT_GCC_OPTIONS='-O2' '-D' '_FORTIFY_SOURCE=2' '-fstack-protector-strong' '--param' 'ssp-buffer-size=4' '-fno-strict-overflow' '-Wformat=1' '-Wformat-security' '-Werror=format-security' '-fPIC' '-v' '-o' 'CMakeFiles/cmTC_877b9.dir/CMakeCXXCompilerABI.cpp.o' '-c' '-B' '/nix/store/4l35nqpaiwzhfafrpby1xf7kfik7ai7c-gcc-8.3.0-lib/lib' '-B' '/nix/store/pnd2kl27sag76h23wa5kl95a76n3k9i3-glibc-2.27/lib/' '-idirafter' '/nix/store/7sz2vlx5bz5sjqw75y0308yra1vr9dmx-glibc-2.27-dev/include' '-idirafter' '/nix/store/bzx75p22dpyzc62z9znkrm0xmvy4hxch-gcc-8.3.0/lib/gcc/x86_64-unknown-linux-gnu/8.3.0/include-fixed' '-B' '/nix/store/5w1sbkk3kwahwm25dhgnyd4w6kg4znmf-gcc-wrapper-8.3.0/bin/' '-shared-libgcc' '-mtune=generic' '-march=x86-64']
  ignore line: [Linking CXX executable cmTC_877b9]
  ignore line: [/nix/store/nzic1zii59z4rbww8d3nq0a14dyc0xqg-cmake-3.15.1/bin/cmake -E cmake_link_script CMakeFiles/cmTC_877b9.dir/link.txt --verbose=1]
  ignore line: [/nix/store/5w1sbkk3kwahwm25dhgnyd4w6kg4znmf-gcc-wrapper-8.3.0/bin/g++      -v CMakeFiles/cmTC_877b9.dir/CMakeCXXCompilerABI.cpp.o  -o cmTC_877b9 ]
  ignore line: [Using built-in specs.]
  ignore line: [COLLECT_GCC=/nix/store/bzx75p22dpyzc62z9znkrm0xmvy4hxch-gcc-8.3.0/bin/g++]
  ignore line: [COLLECT_LTO_WRAPPER=/nix/store/bzx75p22dpyzc62z9znkrm0xmvy4hxch-gcc-8.3.0/libexec/gcc/x86_64-unknown-linux-gnu/8.3.0/lto-wrapper]
  ignore line: [Target: x86_64-unknown-linux-gnu]
  ignore line: [Configured with: ]
  ignore line: [Thread model: posix]
  ignore line: [gcc version 8.3.0 (GCC) ]
  ignore line: [COMPILER_PATH=/nix/store/4l35nqpaiwzhfafrpby1xf7kfik7ai7c-gcc-8.3.0-lib/lib/:/nix/store/pnd2kl27sag76h23wa5kl95a76n3k9i3-glibc-2.27/lib/:/nix/store/5w1sbkk3kwahwm25dhgnyd4w6kg4znmf-gcc-wrapper-8.3.0/bin/:/nix/store/bzx75p22dpyzc62z9znkrm0xmvy4hxch-gcc-8.3.0/libexec/gcc/x86_64-unknown-linux-gnu/8.3.0/:/nix/store/bzx75p22dpyzc62z9znkrm0xmvy4hxch-gcc-8.3.0/libexec/gcc/x86_64-unknown-linux-gnu/8.3.0/:/nix/store/bzx75p22dpyzc62z9znkrm0xmvy4hxch-gcc-8.3.0/libexec/gcc/x86_64-unknown-linux-gnu/:/nix/store/bzx75p22dpyzc62z9znkrm0xmvy4hxch-gcc-8.3.0/lib/gcc/x86_64-unknown-linux-gnu/8.3.0/:/nix/store/bzx75p22dpyzc62z9znkrm0xmvy4hxch-gcc-8.3.0/lib/gcc/x86_64-unknown-linux-gnu/]
  ignore line: [LIBRARY_PATH=/nix/store/4l35nqpaiwzhfafrpby1xf7kfik7ai7c-gcc-8.3.0-lib/lib/:/nix/store/pnd2kl27sag76h23wa5kl95a76n3k9i3-glibc-2.27/lib/:/nix/store/5w1sbkk3kwahwm25dhgnyd4w6kg4znmf-gcc-wrapper-8.3.0/bin/:/nix/store/bzx75p22dpyzc62z9znkrm0xmvy4hxch-gcc-8.3.0/lib/gcc/x86_64-unknown-linux-gnu/8.3.0/:/nix/store/bzx75p22dpyzc62z9znkrm0xmvy4hxch-gcc-8.3.0/lib/gcc/x86_64-unknown-linux-gnu/8.3.0/../../../../lib64/:/nix/store/bzx75p22dpyzc62z9znkrm0xmvy4hxch-gcc-8.3.0/lib/gcc/x86_64-unknown-linux-gnu/8.3.0/../../../]
  ignore line: [COLLECT_GCC_OPTIONS='-O2' '-D' '_FORTIFY_SOURCE=2' '-fstack-protector-strong' '--param' 'ssp-buffer-size=4' '-fno-strict-overflow' '-Wformat=1' '-Wformat-security' '-Werror=format-security' '-fPIC' '-v' '-o' 'cmTC_877b9' '-B' '/nix/store/4l35nqpaiwzhfafrpby1xf7kfik7ai7c-gcc-8.3.0-lib/lib' '-B' '/nix/store/pnd2kl27sag76h23wa5kl95a76n3k9i3-glibc-2.27/lib/' '-idirafter' '/nix/store/7sz2vlx5bz5sjqw75y0308yra1vr9dmx-glibc-2.27-dev/include' '-idirafter' '/nix/store/bzx75p22dpyzc62z9znkrm0xmvy4hxch-gcc-8.3.0/lib/gcc/x86_64-unknown-linux-gnu/8.3.0/include-fixed' '-B' '/nix/store/5w1sbkk3kwahwm25dhgnyd4w6kg4znmf-gcc-wrapper-8.3.0/bin/' '-L/nix/store/pnd2kl27sag76h23wa5kl95a76n3k9i3-glibc-2.27/lib' '-L/nix/store/4l35nqpaiwzhfafrpby1xf7kfik7ai7c-gcc-8.3.0-lib/lib' '-shared-libgcc' '-mtune=generic' '-march=x86-64']
  link line: [ /nix/store/bzx75p22dpyzc62z9znkrm0xmvy4hxch-gcc-8.3.0/libexec/gcc/x86_64-unknown-linux-gnu/8.3.0/collect2 -plugin /nix/store/bzx75p22dpyzc62z9znkrm0xmvy4hxch-gcc-8.3.0/libexec/gcc/x86_64-unknown-linux-gnu/8.3.0/liblto_plugin.so -plugin-opt=/nix/store/bzx75p22dpyzc62z9znkrm0xmvy4hxch-gcc-8.3.0/libexec/gcc/x86_64-unknown-linux-gnu/8.3.0/lto-wrapper -plugin-opt=-fresolution=/run/user/1000/ccCuDUeD.res -plugin-opt=-pass-through=-lgcc_s -plugin-opt=-pass-through=-lgcc -plugin-opt=-pass-through=-lc -plugin-opt=-pass-through=-lgcc_s -plugin-opt=-pass-through=-lgcc --eh-frame-hdr -m elf_x86_64 -dynamic-linker /nix/store/pnd2kl27sag76h23wa5kl95a76n3k9i3-glibc-2.27/lib64/ld-linux-x86-64.so.2 -o cmTC_877b9 /nix/store/pnd2kl27sag76h23wa5kl95a76n3k9i3-glibc-2.27/lib/crt1.o /nix/store/pnd2kl27sag76h23wa5kl95a76n3k9i3-glibc-2.27/lib/crti.o /nix/store/bzx75p22dpyzc62z9znkrm0xmvy4hxch-gcc-8.3.0/lib/gcc/x86_64-unknown-linux-gnu/8.3.0/crtbegin.o -L/nix/store/pnd2kl27sag76h23wa5kl95a76n3k9i3-glibc-2.27/lib -L/nix/store/4l35nqpaiwzhfafrpby1xf7kfik7ai7c-gcc-8.3.0-lib/lib -L/nix/store/4l35nqpaiwzhfafrpby1xf7kfik7ai7c-gcc-8.3.0-lib/lib -L/nix/store/pnd2kl27sag76h23wa5kl95a76n3k9i3-glibc-2.27/lib -L/nix/store/5w1sbkk3kwahwm25dhgnyd4w6kg4znmf-gcc-wrapper-8.3.0/bin -L/nix/store/bzx75p22dpyzc62z9znkrm0xmvy4hxch-gcc-8.3.0/lib/gcc/x86_64-unknown-linux-gnu/8.3.0 -L/nix/store/bzx75p22dpyzc62z9znkrm0xmvy4hxch-gcc-8.3.0/lib/gcc/x86_64-unknown-linux-gnu/8.3.0/../../../../lib64 -L/nix/store/bzx75p22dpyzc62z9znkrm0xmvy4hxch-gcc-8.3.0/lib/gcc/x86_64-unknown-linux-gnu/8.3.0/../../.. -dynamic-linker /nix/store/pnd2kl27sag76h23wa5kl95a76n3k9i3-glibc-2.27/lib/ld-linux-x86-64.so.2 CMakeFiles/cmTC_877b9.dir/CMakeCXXCompilerABI.cpp.o -rpath /nix/store/7cf0s4zgcc9iyncnxqgy45340bww3mmr-rust-env/lib64 -rpath /nix/store/7cf0s4zgcc9iyncnxqgy45340bww3mmr-rust-env/lib -lstdc++ -lm -lgcc_s -lgcc -lc -lgcc_s -lgcc /nix/store/bzx75p22dpyzc62z9znkrm0xmvy4hxch-gcc-8.3.0/lib/gcc/x86_64-unknown-linux-gnu/8.3.0/crtend.o /nix/store/pnd2kl27sag76h23wa5kl95a76n3k9i3-glibc-2.27/lib/crtn.o]
    arg [/nix/store/bzx75p22dpyzc62z9znkrm0xmvy4hxch-gcc-8.3.0/libexec/gcc/x86_64-unknown-linux-gnu/8.3.0/collect2] ==> ignore
    arg [-plugin] ==> ignore
    arg [/nix/store/bzx75p22dpyzc62z9znkrm0xmvy4hxch-gcc-8.3.0/libexec/gcc/x86_64-unknown-linux-gnu/8.3.0/liblto_plugin.so] ==> ignore
    arg [-plugin-opt=/nix/store/bzx75p22dpyzc62z9znkrm0xmvy4hxch-gcc-8.3.0/libexec/gcc/x86_64-unknown-linux-gnu/8.3.0/lto-wrapper] ==> ignore
    arg [-plugin-opt=-fresolution=/run/user/1000/ccCuDUeD.res] ==> ignore
    arg [-plugin-opt=-pass-through=-lgcc_s] ==> ignore
    arg [-plugin-opt=-pass-through=-lgcc] ==> ignore
    arg [-plugin-opt=-pass-through=-lc] ==> ignore
    arg [-plugin-opt=-pass-through=-lgcc_s] ==> ignore
    arg [-plugin-opt=-pass-through=-lgcc] ==> ignore
    arg [--eh-frame-hdr] ==> ignore
    arg [-m] ==> ignore
    arg [elf_x86_64] ==> ignore
    arg [-dynamic-linker] ==> ignore
    arg [/nix/store/pnd2kl27sag76h23wa5kl95a76n3k9i3-glibc-2.27/lib64/ld-linux-x86-64.so.2] ==> ignore
    arg [-o] ==> ignore
    arg [cmTC_877b9] ==> ignore
    arg [/nix/store/pnd2kl27sag76h23wa5kl95a76n3k9i3-glibc-2.27/lib/crt1.o] ==> ignore
    arg [/nix/store/pnd2kl27sag76h23wa5kl95a76n3k9i3-glibc-2.27/lib/crti.o] ==> ignore
    arg [/nix/store/bzx75p22dpyzc62z9znkrm0xmvy4hxch-gcc-8.3.0/lib/gcc/x86_64-unknown-linux-gnu/8.3.0/crtbegin.o] ==> ignore
    arg [-L/nix/store/pnd2kl27sag76h23wa5kl95a76n3k9i3-glibc-2.27/lib] ==> dir [/nix/store/pnd2kl27sag76h23wa5kl95a76n3k9i3-glibc-2.27/lib]
    arg [-L/nix/store/4l35nqpaiwzhfafrpby1xf7kfik7ai7c-gcc-8.3.0-lib/lib] ==> dir [/nix/store/4l35nqpaiwzhfafrpby1xf7kfik7ai7c-gcc-8.3.0-lib/lib]
    arg [-L/nix/store/4l35nqpaiwzhfafrpby1xf7kfik7ai7c-gcc-8.3.0-lib/lib] ==> dir [/nix/store/4l35nqpaiwzhfafrpby1xf7kfik7ai7c-gcc-8.3.0-lib/lib]
    arg [-L/nix/store/pnd2kl27sag76h23wa5kl95a76n3k9i3-glibc-2.27/lib] ==> dir [/nix/store/pnd2kl27sag76h23wa5kl95a76n3k9i3-glibc-2.27/lib]
    arg [-L/nix/store/5w1sbkk3kwahwm25dhgnyd4w6kg4znmf-gcc-wrapper-8.3.0/bin] ==> dir [/nix/store/5w1sbkk3kwahwm25dhgnyd4w6kg4znmf-gcc-wrapper-8.3.0/bin]
    arg [-L/nix/store/bzx75p22dpyzc62z9znkrm0xmvy4hxch-gcc-8.3.0/lib/gcc/x86_64-unknown-linux-gnu/8.3.0] ==> dir [/nix/store/bzx75p22dpyzc62z9znkrm0xmvy4hxch-gcc-8.3.0/lib/gcc/x86_64-unknown-linux-gnu/8.3.0]
    arg [-L/nix/store/bzx75p22dpyzc62z9znkrm0xmvy4hxch-gcc-8.3.0/lib/gcc/x86_64-unknown-linux-gnu/8.3.0/../../../../lib64] ==> dir [/nix/store/bzx75p22dpyzc62z9znkrm0xmvy4hxch-gcc-8.3.0/lib/gcc/x86_64-unknown-linux-gnu/8.3.0/../../../../lib64]
    arg [-L/nix/store/bzx75p22dpyzc62z9znkrm0xmvy4hxch-gcc-8.3.0/lib/gcc/x86_64-unknown-linux-gnu/8.3.0/../../..] ==> dir [/nix/store/bzx75p22dpyzc62z9znkrm0xmvy4hxch-gcc-8.3.0/lib/gcc/x86_64-unknown-linux-gnu/8.3.0/../../..]
    arg [-dynamic-linker] ==> ignore
    arg [/nix/store/pnd2kl27sag76h23wa5kl95a76n3k9i3-glibc-2.27/lib/ld-linux-x86-64.so.2] ==> ignore
    arg [CMakeFiles/cmTC_877b9.dir/CMakeCXXCompilerABI.cpp.o] ==> ignore
    arg [-rpath] ==> ignore
    arg [/nix/store/7cf0s4zgcc9iyncnxqgy45340bww3mmr-rust-env/lib64] ==> ignore
    arg [-rpath] ==> ignore
    arg [/nix/store/7cf0s4zgcc9iyncnxqgy45340bww3mmr-rust-env/lib] ==> ignore
    arg [-lstdc++] ==> lib [stdc++]
    arg [-lm] ==> lib [m]
    arg [-lgcc_s] ==> lib [gcc_s]
    arg [-lgcc] ==> lib [gcc]
    arg [-lc] ==> lib [c]
    arg [-lgcc_s] ==> lib [gcc_s]
    arg [-lgcc] ==> lib [gcc]
    arg [/nix/store/bzx75p22dpyzc62z9znkrm0xmvy4hxch-gcc-8.3.0/lib/gcc/x86_64-unknown-linux-gnu/8.3.0/crtend.o] ==> ignore
    arg [/nix/store/pnd2kl27sag76h23wa5kl95a76n3k9i3-glibc-2.27/lib/crtn.o] ==> ignore
  collapse library dir [/nix/store/pnd2kl27sag76h23wa5kl95a76n3k9i3-glibc-2.27/lib] ==> [/nix/store/pnd2kl27sag76h23wa5kl95a76n3k9i3-glibc-2.27/lib]
  collapse library dir [/nix/store/4l35nqpaiwzhfafrpby1xf7kfik7ai7c-gcc-8.3.0-lib/lib] ==> [/nix/store/4l35nqpaiwzhfafrpby1xf7kfik7ai7c-gcc-8.3.0-lib/lib]
  collapse library dir [/nix/store/4l35nqpaiwzhfafrpby1xf7kfik7ai7c-gcc-8.3.0-lib/lib] ==> [/nix/store/4l35nqpaiwzhfafrpby1xf7kfik7ai7c-gcc-8.3.0-lib/lib]
  collapse library dir [/nix/store/pnd2kl27sag76h23wa5kl95a76n3k9i3-glibc-2.27/lib] ==> [/nix/store/pnd2kl27sag76h23wa5kl95a76n3k9i3-glibc-2.27/lib]
  collapse library dir [/nix/store/5w1sbkk3kwahwm25dhgnyd4w6kg4znmf-gcc-wrapper-8.3.0/bin] ==> [/nix/store/5w1sbkk3kwahwm25dhgnyd4w6kg4znmf-gcc-wrapper-8.3.0/bin]
  collapse library dir [/nix/store/bzx75p22dpyzc62z9znkrm0xmvy4hxch-gcc-8.3.0/lib/gcc/x86_64-unknown-linux-gnu/8.3.0] ==> [/nix/store/bzx75p22dpyzc62z9znkrm0xmvy4hxch-gcc-8.3.0/lib/gcc/x86_64-unknown-linux-gnu/8.3.0]
  collapse library dir [/nix/store/bzx75p22dpyzc62z9znkrm0xmvy4hxch-gcc-8.3.0/lib/gcc/x86_64-unknown-linux-gnu/8.3.0/../../../../lib64] ==> [/nix/store/bzx75p22dpyzc62z9znkrm0xmvy4hxch-gcc-8.3.0/lib64]
  collapse library dir [/nix/store/bzx75p22dpyzc62z9znkrm0xmvy4hxch-gcc-8.3.0/lib/gcc/x86_64-unknown-linux-gnu/8.3.0/../../..] ==> [/nix/store/bzx75p22dpyzc62z9znkrm0xmvy4hxch-gcc-8.3.0/lib]
  implicit libs: [stdc++;m;gcc_s;gcc;c;gcc_s;gcc]
  implicit dirs: [/nix/store/pnd2kl27sag76h23wa5kl95a76n3k9i3-glibc-2.27/lib;/nix/store/4l35nqpaiwzhfafrpby1xf7kfik7ai7c-gcc-8.3.0-lib/lib;/nix/store/5w1sbkk3kwahwm25dhgnyd4w6kg4znmf-gcc-wrapper-8.3.0/bin;/nix/store/bzx75p22dpyzc62z9znkrm0xmvy4hxch-gcc-8.3.0/lib/gcc/x86_64-unknown-linux-gnu/8.3.0;/nix/store/bzx75p22dpyzc62z9znkrm0xmvy4hxch-gcc-8.3.0/lib64;/nix/store/bzx75p22dpyzc62z9znkrm0xmvy4hxch-gcc-8.3.0/lib]
  implicit fwks: []


